1550754901 2147483647 2147483647
1550754901 0 0 0 0
1550754601 0 0 0 0
1550754600 0 0 0 0
1550754300 0 0 0 0
1550754000 0 0 0 0
1550753700 0 0 0 0
1550753400 0 0 0 0
1550753100 0 0 0 0
1550752800 0 0 0 0
1550752500 0 0 0 0
1550752200 0 0 0 0
1550751900 0 0 0 0
1550751600 0 0 0 0
1550751300 0 0 0 0
1550751000 0 0 0 0
1550750700 0 0 0 0
1550750400 0 0 0 0
1550750100 0 0 0 0
1550749800 0 0 0 0
1550749500 0 0 0 0
1550749200 0 0 0 0
1550748900 0 0 0 0
1550748600 0 0 0 0
1550748300 0 0 0 0
1550748000 0 0 0 0
1550747700 0 0 0 0
1550747400 0 0 0 0
1550747100 0 0 0 0
1550746800 0 0 0 0
1550746500 0 0 0 0
1550746200 0 0 0 0
1550745900 0 0 0 0
1550745600 0 0 0 0
1550745300 0 0 0 0
1550745000 0 0 0 0
1550744700 0 0 0 0
1550744400 0 0 0 0
1550744100 0 0 0 0
1550743800 0 0 0 0
1550743500 0 0 0 0
1550743200 0 0 0 0
1550742900 0 0 0 0
1550742600 0 0 0 0
1550742300 0 0 0 0
1550742000 0 0 0 0
1550741700 0 0 0 0
1550741400 0 0 0 0
1550741100 0 0 0 0
1550740800 0 0 0 0
1550740500 0 0 0 0
1550740200 0 0 0 0
1550739900 0 0 0 0
1550739600 0 0 0 0
1550739300 0 0 0 0
1550739000 0 0 0 0
1550738700 0 0 0 0
1550738400 0 0 0 0
1550738100 0 0 0 0
1550737800 0 0 0 0
1550737500 0 0 0 0
1550737200 0 0 0 0
1550736900 0 0 0 0
1550736600 0 0 0 0
1550736300 0 0 0 0
1550736000 0 0 0 0
1550735700 0 0 0 0
1550735400 0 0 0 0
1550735100 0 0 0 0
1550734800 0 0 0 0
1550734500 0 0 0 0
1550734200 0 0 0 0
1550733900 0 0 0 0
1550733600 0 0 0 0
1550733300 0 0 0 0
1550733000 0 0 0 0
1550732700 0 0 0 0
1550732400 0 0 0 0
1550732100 0 0 0 0
1550731800 0 0 0 0
1550731500 0 0 0 0
1550731200 0 0 0 0
1550730900 0 0 0 0
1550730600 0 0 0 0
1550730300 0 0 0 0
1550730000 0 0 0 0
1550729700 0 0 0 0
1550729400 0 0 0 0
1550729100 0 0 0 0
1550728800 0 0 0 0
1550728500 0 0 0 0
1550728200 0 0 0 0
1550727900 0 0 0 0
1550727600 0 0 0 0
1550727300 0 0 0 0
1550727000 0 0 0 0
1550726700 0 0 0 0
1550726400 0 0 0 0
1550726100 0 0 0 0
1550725800 0 0 0 0
1550725500 0 0 0 0
1550725200 0 0 0 0
1550724900 0 0 0 0
1550724600 0 0 0 0
1550724300 0 0 0 0
1550724000 0 0 0 0
1550723700 0 0 0 0
1550723400 0 0 0 0
1550723100 0 0 0 0
1550722800 0 0 0 0
1550722500 0 0 0 0
1550722200 0 0 0 0
1550721900 0 0 0 0
1550721600 0 0 0 0
1550721300 0 0 0 0
1550721000 0 0 0 0
1550720700 0 0 0 0
1550720400 0 0 0 0
1550720100 0 0 0 0
1550719800 0 0 0 0
1550719500 0 0 0 0
1550719200 0 0 0 0
1550718900 0 0 0 0
1550718600 0 0 0 0
1550718300 0 0 0 0
1550718000 0 0 0 0
1550717700 0 0 0 0
1550717400 0 0 0 0
1550717100 0 0 0 0
1550716800 0 0 0 0
1550716500 0 0 0 0
1550716200 0 0 0 0
1550715900 0 0 0 0
1550715600 0 0 0 0
1550715300 0 0 0 0
1550715000 0 0 0 0
1550714700 0 0 0 0
1550714400 0 0 0 0
1550714100 0 0 0 0
1550713800 0 0 0 0
1550713500 0 0 0 0
1550713200 0 0 0 0
1550712900 0 0 0 0
1550712600 0 0 0 0
1550712300 0 0 0 0
1550712000 0 0 0 0
1550711700 0 0 0 0
1550711400 0 0 0 0
1550711100 0 0 0 0
1550710800 0 0 0 0
1550710500 0 0 0 0
1550710200 0 0 0 0
1550709900 0 0 0 0
1550709600 0 0 0 0
1550709300 0 0 0 0
1550709000 0 0 0 0
1550708700 0 0 0 0
1550708400 0 0 0 0
1550708100 0 0 0 0
1550707800 0 0 0 0
1550707500 0 0 0 0
1550707200 0 0 0 0
1550706900 0 0 0 0
1550706600 0 0 0 0
1550706300 0 0 0 0
1550706000 0 0 0 0
1550705700 0 0 0 0
1550705400 0 0 0 0
1550705100 0 0 0 0
1550704800 0 0 0 0
1550704500 0 0 0 0
1550704200 0 0 0 0
1550703900 0 0 0 0
1550703600 0 0 0 0
1550703300 0 0 0 0
1550703000 0 0 0 0
1550702700 0 0 0 0
1550702400 0 0 0 0
1550702100 0 0 0 0
1550701800 0 0 0 0
1550701500 0 0 0 0
1550701200 0 0 0 0
1550700900 0 0 0 0
1550700600 0 0 0 0
1550700300 0 0 0 0
1550700000 0 0 0 0
1550699700 0 0 0 0
1550699400 0 0 0 0
1550699100 0 0 0 0
1550698800 0 0 0 0
1550698500 0 0 0 0
1550698200 0 0 0 0
1550697900 0 0 0 0
1550697600 0 0 0 0
1550697300 0 0 0 0
1550697000 0 0 0 0
1550696700 0 0 0 0
1550696400 0 0 0 0
1550696100 0 0 0 0
1550695800 0 0 0 0
1550695500 0 0 0 0
1550695200 0 0 0 0
1550694900 0 0 0 0
1550694600 0 0 0 0
1550694300 0 0 0 0
1550694000 0 0 0 0
1550693700 0 0 0 0
1550693400 0 0 0 0
1550693100 0 0 0 0
1550692800 0 0 0 0
1550692500 0 0 0 0
1550692200 0 0 0 0
1550691900 0 0 0 0
1550691600 0 0 0 0
1550691300 0 0 0 0
1550691000 0 0 0 0
1550690700 0 0 0 0
1550690400 0 0 0 0
1550690100 0 0 0 0
1550689800 0 0 0 0
1550689500 0 0 0 0
1550689200 0 0 0 0
1550688900 0 0 0 0
1550688600 0 0 0 0
1550688300 0 0 0 0
1550688000 0 0 0 0
1550687700 0 0 0 0
1550687400 0 0 0 0
1550687100 0 0 0 0
1550686800 0 0 0 0
1550686500 0 0 0 0
1550686200 0 0 0 0
1550685900 0 0 0 0
1550685600 0 0 0 0
1550685300 0 0 0 0
1550685000 0 0 0 0
1550684700 0 0 0 0
1550684400 0 0 0 0
1550684100 0 0 0 0
1550683800 0 0 0 0
1550683500 0 0 0 0
1550683200 0 0 0 0
1550682900 0 0 0 0
1550682600 0 0 0 0
1550682300 0 0 0 0
1550682000 0 0 0 0
1550681700 0 0 0 0
1550681400 0 0 0 0
1550681100 0 0 0 0
1550680800 0 0 0 0
1550680500 0 0 0 0
1550680200 0 0 0 0
1550679900 0 0 0 0
1550679600 0 0 0 0
1550679300 0 0 0 0
1550679000 0 0 0 0
1550678700 0 0 0 0
1550678400 0 0 0 0
1550678100 0 0 0 0
1550677800 0 0 0 0
1550677500 0 0 0 0
1550677200 0 0 0 0
1550676900 0 0 0 0
1550676600 0 0 0 0
1550676300 0 0 0 0
1550676000 0 0 0 0
1550675700 0 0 0 0
1550675400 0 0 0 0
1550675100 0 0 0 0
1550674800 0 0 0 0
1550674500 0 0 0 0
1550674200 0 0 0 0
1550673900 0 0 0 0
1550673600 0 0 0 0
1550673300 0 0 0 0
1550673000 0 0 0 0
1550672700 0 0 0 0
1550672400 0 0 0 0
1550672100 0 0 0 0
1550671800 0 0 0 0
1550671500 0 0 0 0
1550671200 0 0 0 0
1550670900 0 0 0 0
1550670600 0 0 0 0
1550670300 0 0 0 0
1550670000 0 0 0 0
1550669700 0 0 0 0
1550669400 0 0 0 0
1550669100 0 0 0 0
1550668800 0 0 0 0
1550668500 0 0 0 0
1550668200 0 0 0 0
1550667900 0 0 0 0
1550667600 0 0 0 0
1550667300 0 0 0 0
1550667000 0 0 0 0
1550666700 0 0 0 0
1550666400 0 0 0 0
1550666100 0 0 0 0
1550665800 0 0 0 0
1550665500 0 0 0 0
1550665200 0 0 0 0
1550664900 0 0 0 0
1550664600 0 0 0 0
1550664300 0 0 0 0
1550664000 0 0 0 0
1550663700 0 0 0 0
1550663400 0 0 0 0
1550663100 0 0 0 0
1550662800 0 0 0 0
1550662500 0 0 0 0
1550662200 0 0 0 0
1550661900 0 0 0 0
1550661600 0 0 0 0
1550661300 0 0 0 0
1550661000 0 0 0 0
1550660700 0 0 0 0
1550660400 0 0 0 0
1550660100 0 0 0 0
1550659800 0 0 0 0
1550659500 0 0 0 0
1550659200 0 0 0 0
1550658900 0 0 0 0
1550658600 0 0 0 0
1550658300 0 0 0 0
1550658000 0 0 0 0
1550657700 0 0 0 0
1550657400 0 0 0 0
1550657100 0 0 0 0
1550656800 0 0 0 0
1550656500 0 0 0 0
1550656200 0 0 0 0
1550655900 0 0 0 0
1550655600 0 0 0 0
1550655300 0 0 0 0
1550655000 0 0 0 0
1550654700 0 0 0 0
1550654400 0 0 0 0
1550654100 0 0 0 0
1550653800 0 0 0 0
1550653500 0 0 0 0
1550653200 0 0 0 0
1550652900 0 0 0 0
1550652600 0 0 0 0
1550652300 0 0 0 0
1550652000 0 0 0 0
1550651700 0 0 0 0
1550651400 0 0 0 0
1550651100 0 0 0 0
1550650800 0 0 0 0
1550650500 0 0 0 0
1550650200 0 0 0 0
1550649900 0 0 0 0
1550649600 0 0 0 0
1550649300 0 0 0 0
1550649000 0 0 0 0
1550648700 0 0 0 0
1550648400 0 0 0 0
1550648100 0 0 0 0
1550647800 0 0 0 0
1550647500 0 0 0 0
1550647200 0 0 0 0
1550646900 0 0 0 0
1550646600 0 0 0 0
1550646300 0 0 0 0
1550646000 0 0 0 0
1550645700 0 0 0 0
1550645400 0 0 0 0
1550645100 0 0 0 0
1550644800 0 0 0 0
1550644500 0 0 0 0
1550644200 0 0 0 0
1550643900 0 0 0 0
1550643600 0 0 0 0
1550643300 0 0 0 0
1550643000 0 0 0 0
1550642700 0 0 0 0
1550642400 0 0 0 0
1550642100 0 0 0 0
1550641800 0 0 0 0
1550641500 0 0 0 0
1550641200 0 0 0 0
1550640900 0 0 0 0
1550640600 0 0 0 0
1550640300 0 0 0 0
1550640000 0 0 0 0
1550639700 0 0 0 0
1550639400 0 0 0 0
1550639100 0 0 0 0
1550638800 0 0 0 0
1550638500 0 0 0 0
1550638200 0 0 0 0
1550637900 0 0 0 0
1550637600 0 0 0 0
1550637300 0 0 0 0
1550637000 0 0 0 0
1550636700 0 0 0 0
1550636400 0 0 0 0
1550636100 0 0 0 0
1550635800 0 0 0 0
1550635500 0 0 0 0
1550635200 0 0 0 0
1550634900 0 0 0 0
1550634600 0 0 0 0
1550634300 0 0 0 0
1550634000 0 0 0 0
1550633700 0 0 0 0
1550633400 0 0 0 0
1550633100 0 0 0 0
1550632800 0 0 0 0
1550632500 0 0 0 0
1550632200 0 0 0 0
1550631900 0 0 0 0
1550631600 0 0 0 0
1550631300 0 0 0 0
1550631000 0 0 0 0
1550630700 0 0 0 0
1550630400 0 0 0 0
1550630100 0 0 0 0
1550629800 0 0 0 0
1550629500 0 0 0 0
1550629200 0 0 0 0
1550628900 0 0 0 0
1550628600 0 0 0 0
1550628300 0 0 0 0
1550628000 0 0 0 0
1550627700 0 0 0 0
1550627400 0 0 0 0
1550627100 0 0 0 0
1550626800 0 0 0 0
1550626500 0 0 0 0
1550626200 0 0 0 0
1550625900 0 0 0 0
1550625600 0 0 0 0
1550625300 0 0 0 0
1550625000 0 0 0 0
1550624700 0 0 0 0
1550624400 0 0 0 0
1550624100 0 0 0 0
1550623800 0 0 0 0
1550623500 0 0 0 0
1550623200 0 0 0 0
1550622900 0 0 0 0
1550622600 0 0 0 0
1550622300 0 0 0 0
1550622000 0 0 0 0
1550621700 0 0 0 0
1550621400 0 0 0 0
1550621100 0 0 0 0
1550620800 0 0 0 0
1550620500 0 0 0 0
1550620200 0 0 0 0
1550619900 0 0 0 0
1550619600 0 0 0 0
1550619300 0 0 0 0
1550619000 0 0 0 0
1550618700 0 0 0 0
1550618400 0 0 0 0
1550618100 0 0 0 0
1550617800 0 0 0 0
1550617500 0 0 0 0
1550617200 0 0 0 0
1550616900 0 0 0 0
1550616600 0 0 0 0
1550616300 0 0 0 0
1550616000 0 0 0 0
1550615700 0 0 0 0
1550615400 0 0 0 0
1550615100 0 0 0 0
1550614800 0 0 0 0
1550614500 0 0 0 0
1550614200 0 0 0 0
1550613900 0 0 0 0
1550613600 0 0 0 0
1550613300 0 0 0 0
1550613000 0 0 0 0
1550612700 0 0 0 0
1550612400 0 0 0 0
1550612100 0 0 0 0
1550611800 0 0 0 0
1550611500 0 0 0 0
1550611200 0 0 0 0
1550610900 0 0 0 0
1550610600 0 0 0 0
1550610300 0 0 0 0
1550610000 0 0 0 0
1550609700 0 0 0 0
1550609400 0 0 0 0
1550609100 0 0 0 0
1550608800 0 0 0 0
1550608500 0 0 0 0
1550608200 0 0 0 0
1550607900 0 0 0 0
1550607600 0 0 0 0
1550607300 0 0 0 0
1550607000 0 0 0 0
1550606700 0 0 0 0
1550606400 0 0 0 0
1550606100 0 0 0 0
1550605800 0 0 0 0
1550605500 0 0 0 0
1550605200 0 0 0 0
1550604900 0 0 0 0
1550604600 0 0 0 0
1550604300 0 0 0 0
1550604000 0 0 0 0
1550603700 0 0 0 0
1550603400 0 0 0 0
1550603100 0 0 0 0
1550602800 0 0 0 0
1550602500 0 0 0 0
1550602200 0 0 0 0
1550601900 0 0 0 0
1550601600 0 0 0 0
1550601300 0 0 0 0
1550601000 0 0 0 0
1550600700 0 0 0 0
1550600400 0 0 0 0
1550600100 0 0 0 0
1550599800 0 0 0 0
1550599500 0 0 0 0
1550599200 0 0 0 0
1550598900 0 0 0 0
1550598600 0 0 0 0
1550598300 0 0 0 0
1550598000 0 0 0 0
1550597700 0 0 0 0
1550597400 0 0 0 0
1550597100 0 0 0 0
1550596800 0 0 0 0
1550596500 0 0 0 0
1550596200 0 0 0 0
1550595900 0 0 0 0
1550595600 0 0 0 0
1550595300 0 0 0 0
1550595000 0 0 0 0
1550594700 0 0 0 0
1550594400 0 0 0 0
1550594100 0 0 0 0
1550593800 0 0 0 0
1550593500 0 0 0 0
1550593200 0 0 0 0
1550592900 0 0 0 0
1550592600 0 0 0 0
1550592300 0 0 0 0
1550592000 0 0 0 0
1550591700 0 0 0 0
1550591400 0 0 0 0
1550591100 0 0 0 0
1550590800 0 0 0 0
1550590500 0 0 0 0
1550590200 0 0 0 0
1550589900 0 0 0 0
1550589600 0 0 0 0
1550589300 0 0 0 0
1550589000 0 0 0 0
1550588700 0 0 0 0
1550588400 0 0 0 0
1550588100 0 0 0 0
1550587800 0 0 0 0
1550587500 0 0 0 0
1550587200 0 0 0 0
1550586900 0 0 0 0
1550586600 0 0 0 0
1550586300 0 0 0 0
1550586000 0 0 0 0
1550585700 0 0 0 0
1550585400 0 0 0 0
1550585100 0 0 0 0
1550584800 0 0 0 0
1550584500 0 0 0 0
1550584200 0 0 0 0
1550583900 0 0 0 0
1550583600 0 0 0 0
1550583300 0 0 0 0
1550583000 0 0 0 0
1550582700 0 0 0 0
1550582400 0 0 0 0
1550582100 0 0 0 0
1550581800 0 0 0 0
1550581500 0 0 0 0
1550581200 0 0 0 0
1550580900 0 0 0 0
1550580600 0 0 0 0
1550580300 0 0 0 0
1550580000 0 0 0 0
1550579700 0 0 0 0
1550579400 0 0 0 0
1550579100 0 0 0 0
1550578800 0 0 0 0
1550578500 0 0 0 0
1550578200 0 0 0 0
1550577900 0 0 0 0
1550577600 0 0 0 0
1550577300 0 0 0 0
1550577000 0 0 0 0
1550576700 0 0 0 0
1550576400 0 0 0 0
1550576100 0 0 0 0
1550575800 0 0 0 0
1550575500 0 0 0 0
1550575200 0 0 0 0
1550574900 0 0 0 0
1550574000 0 0 0 0
1550572200 0 0 0 0
1550570400 0 0 0 0
1550568600 0 0 0 0
1550566800 0 0 0 0
1550565000 0 0 0 0
1550563200 0 0 0 0
1550561400 0 0 0 0
1550559600 0 0 0 0
1550557800 0 0 0 0
1550556000 0 0 0 0
1550554200 0 0 0 0
1550552400 0 0 0 0
1550550600 0 0 0 0
1550548800 0 0 0 0
1550547000 0 0 0 0
1550545200 0 0 0 0
1550543400 0 0 0 0
1550541600 0 0 0 0
1550539800 0 0 0 0
1550538000 0 0 0 0
1550536200 0 0 0 0
1550534400 0 0 0 0
1550532600 0 0 0 0
1550530800 0 0 0 0
1550529000 0 0 0 0
1550527200 0 0 0 0
1550525400 0 0 0 0
1550523600 0 0 0 0
1550521800 0 0 0 0
1550520000 0 0 0 0
1550518200 0 0 0 0
1550516400 0 0 0 0
1550514600 0 0 0 0
1550512800 0 0 0 0
1550511000 0 0 0 0
1550509200 0 0 0 0
1550507400 0 0 0 0
1550505600 0 0 0 0
1550503800 0 0 0 0
1550502000 0 0 0 0
1550500200 0 0 0 0
1550498400 0 0 0 0
1550496600 0 0 0 0
1550494800 0 0 0 0
1550493000 0 0 0 0
1550491200 0 0 0 0
1550489400 0 0 0 0
1550487600 0 0 0 0
1550485800 0 0 0 0
1550484000 0 0 0 0
1550482200 0 0 0 0
1550480400 0 0 0 0
1550478600 0 0 0 0
1550476800 0 0 0 0
1550475000 0 0 0 0
1550473200 0 0 0 0
1550471400 0 0 0 0
1550469600 0 0 0 0
1550467800 0 0 0 0
1550466000 0 0 0 0
1550464200 0 0 0 0
1550462400 0 0 0 0
1550460600 0 0 0 0
1550458800 0 0 0 0
1550457000 0 0 0 0
1550455200 0 0 0 0
1550453400 0 0 0 0
1550451600 0 0 0 0
1550449800 0 0 0 0
1550448000 0 0 0 0
1550446200 0 0 0 0
1550444400 0 0 0 0
1550442600 0 0 0 0
1550440800 0 0 0 0
1550439000 0 0 0 0
1550437200 0 0 0 0
1550435400 0 0 0 0
1550433600 0 0 0 0
1550431800 0 0 0 0
1550430000 0 0 0 0
1550428200 0 0 0 0
1550426400 0 0 0 0
1550424600 0 0 0 0
1550422800 0 0 0 0
1550421000 0 0 0 0
1550419200 0 0 0 0
1550417400 0 0 0 0
1550415600 0 0 0 0
1550413800 0 0 0 0
1550412000 0 0 0 0
1550410200 0 0 0 0
1550408400 0 0 0 0
1550406600 0 0 0 0
1550404800 0 0 0 0
1550403000 0 0 0 0
1550401200 0 0 0 0
1550399400 0 0 0 0
1550397600 0 0 0 0
1550395800 0 0 0 0
1550394000 0 0 0 0
1550392200 0 0 0 0
1550390400 0 0 0 0
1550388600 0 0 0 0
1550386800 0 0 0 0
1550385000 0 0 0 0
1550383200 0 0 0 0
1550381400 0 0 0 0
1550379600 0 0 0 0
1550377800 0 0 0 0
1550376000 0 0 0 0
1550374200 0 0 0 0
1550372400 0 0 0 0
1550370600 0 0 0 0
1550368800 0 0 0 0
1550367000 0 0 0 0
1550365200 0 0 0 0
1550363400 0 0 0 0
1550361600 0 0 0 0
1550359800 0 0 0 0
1550358000 0 0 0 0
1550356200 0 0 0 0
1550354400 0 0 0 0
1550352600 0 0 0 0
1550350800 0 0 0 0
1550349000 0 0 0 0
1550347200 0 0 0 0
1550345400 0 0 0 0
1550343600 0 0 0 0
1550341800 0 0 0 0
1550340000 0 0 0 0
1550338200 0 0 0 0
1550336400 0 0 0 0
1550334600 0 0 0 0
1550332800 0 0 0 0
1550331000 0 0 0 0
1550329200 0 0 0 0
1550327400 0 0 0 0
1550325600 0 0 0 0
1550323800 0 0 0 0
1550322000 0 0 0 0
1550320200 0 0 0 0
1550318400 0 0 0 0
1550316600 0 0 0 0
1550314800 0 0 0 0
1550313000 0 0 0 0
1550311200 0 0 0 0
1550309400 0 0 0 0
1550307600 0 0 0 0
1550305800 0 0 0 0
1550304000 0 0 0 0
1550302200 0 0 0 0
1550300400 0 0 0 0
1550298600 0 0 0 0
1550296800 0 0 0 0
1550295000 0 0 0 0
1550293200 0 0 0 0
1550291400 0 0 0 0
1550289600 0 0 0 0
1550287800 0 0 0 0
1550286000 0 0 0 0
1550284200 0 0 0 0
1550282400 0 0 0 0
1550280600 0 0 0 0
1550278800 0 0 0 0
1550277000 0 0 0 0
1550275200 0 0 0 0
1550273400 0 0 0 0
1550271600 0 0 0 0
1550269800 0 0 0 0
1550268000 0 0 0 0
1550266200 0 0 0 0
1550264400 0 0 0 0
1550262600 0 0 0 0
1550260800 0 0 0 0
1550259000 0 0 0 0
1550257200 0 0 0 0
1550255400 0 0 0 0
1550253600 0 0 0 0
1550251800 0 0 0 0
1550250000 0 0 0 0
1550248200 0 0 0 0
1550246400 0 0 0 0
1550244600 0 0 0 0
1550242800 0 0 0 0
1550241000 0 0 0 0
1550239200 0 0 0 0
1550237400 0 0 0 0
1550235600 0 0 0 0
1550233800 0 0 0 0
1550232000 0 0 0 0
1550230200 0 0 0 0
1550228400 0 0 0 0
1550226600 0 0 0 0
1550224800 0 0 0 0
1550223000 0 0 0 0
1550221200 0 0 0 0
1550219400 0 0 0 0
1550217600 0 0 0 0
1550215800 0 0 0 0
1550214000 0 0 0 0
1550212200 0 0 0 0
1550210400 0 0 0 0
1550208600 0 0 0 0
1550206800 0 0 0 0
1550205000 0 0 0 0
1550203200 0 0 0 0
1550201400 0 0 0 0
1550199600 0 0 0 0
1550197800 0 0 0 0
1550196000 0 0 0 0
1550194200 0 0 0 0
1550192400 0 0 0 0
1550190600 0 0 0 0
1550188800 0 0 0 0
1550187000 0 0 0 0
1550185200 0 0 0 0
1550183400 0 0 0 0
1550181600 0 0 0 0
1550179800 0 0 0 0
1550178000 0 0 0 0
1550176200 0 0 0 0
1550174400 0 0 0 0
1550172600 0 0 0 0
1550170800 0 0 0 0
1550169000 0 0 0 0
1550167200 0 0 0 0
1550165400 0 0 0 0
1550163600 0 0 0 0
1550161800 0 0 0 0
1550160000 0 0 0 0
1550158200 0 0 0 0
1550156400 0 0 0 0
1550154600 0 0 0 0
1550152800 0 0 0 0
1550151000 0 0 0 0
1550149200 0 0 0 0
1550147400 0 0 0 0
1550145600 0 0 0 0
1550143800 0 0 0 0
1550142000 0 0 0 0
1550140200 0 0 0 0
1550138400 0 0 0 0
1550136600 0 0 0 0
1550134800 0 0 0 0
1550133000 0 0 0 0
1550131200 0 0 0 0
1550129400 0 0 0 0
1550127600 0 0 0 0
1550125800 0 0 0 0
1550124000 0 0 0 0
1550122200 0 0 0 0
1550120400 0 0 0 0
1550118600 0 0 0 0
1550116800 0 0 0 0
1550115000 0 0 0 0
1550113200 0 0 0 0
1550111400 0 0 0 0
1550109600 0 0 0 0
1550107800 0 0 0 0
1550106000 0 0 0 0
1550104200 0 0 0 0
1550102400 0 0 0 0
1550100600 0 0 0 0
1550098800 0 0 0 0
1550097000 0 0 0 0
1550095200 0 0 0 0
1550093400 0 0 0 0
1550091600 0 0 0 0
1550089800 0 0 0 0
1550088000 0 0 0 0
1550086200 0 0 0 0
1550084400 0 0 0 0
1550082600 0 0 0 0
1550080800 0 0 0 0
1550079000 0 0 0 0
1550077200 0 0 0 0
1550075400 0 0 0 0
1550073600 0 0 0 0
1550071800 0 0 0 0
1550070000 0 0 0 0
1550068200 0 0 0 0
1550066400 0 0 0 0
1550064600 0 0 0 0
1550062800 0 0 0 0
1550061000 0 0 0 0
1550059200 0 0 0 0
1550057400 0 0 0 0
1550055600 0 0 0 0
1550053800 0 0 0 0
1550052000 0 0 0 0
1550050200 0 0 0 0
1550048400 0 0 0 0
1550046600 0 0 0 0
1550044800 0 0 0 0
1550043000 0 0 0 0
1550041200 0 0 0 0
1550039400 0 0 0 0
1550037600 0 0 0 0
1550035800 0 0 0 0
1550034000 0 0 0 0
1550032200 0 0 0 0
1550030400 0 0 0 0
1550028600 0 0 0 0
1550026800 0 0 0 0
1550025000 0 0 0 0
1550023200 0 0 0 0
1550021400 0 0 0 0
1550019600 0 0 0 0
1550017800 0 0 0 0
1550016000 0 0 0 0
1550014200 0 0 0 0
1550012400 0 0 0 0
1550010600 0 0 0 0
1550008800 0 0 0 0
1550007000 0 0 0 0
1550005200 0 0 0 0
1550003400 0 0 0 0
1550001600 0 0 0 0
1549999800 0 0 0 0
1549998000 0 0 0 0
1549996200 0 0 0 0
1549994400 0 0 0 0
1549992600 0 0 0 0
1549990800 0 0 0 0
1549989000 0 0 0 0
1549987200 0 0 0 0
1549985400 0 0 0 0
1549983600 0 0 0 0
1549981800 0 0 0 0
1549980000 0 0 0 0
1549978200 0 0 0 0
1549976400 0 0 0 0
1549974600 0 0 0 0
1549972800 0 0 0 0
1549971000 0 0 0 0
1549969200 0 0 0 0
1549967400 0 0 0 0
1549965600 0 0 0 0
1549963800 0 0 0 0
1549962000 0 0 0 0
1549960200 0 0 0 0
1549958400 0 0 0 0
1549956600 0 0 0 0
1549954800 0 0 0 0
1549953000 0 0 0 0
1549951200 0 0 0 0
1549949400 0 0 0 0
1549947600 0 0 0 0
1549945800 0 0 0 0
1549944000 0 0 0 0
1549942200 0 0 0 0
1549940400 0 0 0 0
1549938600 0 0 0 0
1549936800 0 0 0 0
1549935000 0 0 0 0
1549933200 0 0 0 0
1549931400 0 0 0 0
1549929600 0 0 0 0
1549927800 0 0 0 0
1549926000 0 0 0 0
1549924200 0 0 0 0
1549922400 0 0 0 0
1549920600 0 0 0 0
1549918800 0 0 0 0
1549917000 0 0 0 0
1549915200 0 0 0 0
1549913400 0 0 0 0
1549911600 0 0 0 0
1549909800 0 0 0 0
1549908000 0 0 0 0
1549906200 0 0 0 0
1549904400 0 0 0 0
1549902600 0 0 0 0
1549900800 0 0 0 0
1549899000 0 0 0 0
1549897200 0 0 0 0
1549895400 0 0 0 0
1549893600 0 0 0 0
1549891800 0 0 0 0
1549890000 0 0 0 0
1549888200 0 0 0 0
1549886400 0 0 0 0
1549884600 0 0 0 0
1549882800 0 0 0 0
1549881000 0 0 0 0
1549879200 0 0 0 0
1549877400 0 0 0 0
1549875600 0 0 0 0
1549873800 0 0 0 0
1549872000 0 0 0 0
1549870200 0 0 0 0
1549868400 0 0 0 0
1549866600 0 0 0 0
1549864800 0 0 0 0
1549863000 0 0 0 0
1549861200 0 0 0 0
1549859400 0 0 0 0
1549857600 0 0 0 0
1549855800 0 0 0 0
1549854000 0 0 0 0
1549852200 0 0 0 0
1549850400 0 0 0 0
1549848600 0 0 0 0
1549846800 0 0 0 0
1549845000 0 0 0 0
1549843200 0 0 0 0
1549841400 0 0 0 0
1549839600 0 0 0 0
1549837800 0 0 0 0
1549836000 0 0 0 0
1549834200 0 0 0 0
1549832400 0 0 0 0
1549830600 0 0 0 0
1549828800 0 0 0 0
1549827000 0 0 0 0
1549825200 0 0 0 0
1549823400 0 0 0 0
1549821600 0 0 0 0
1549819800 0 0 0 0
1549818000 0 0 0 0
1549816200 0 0 0 0
1549814400 0 0 0 0
1549812600 0 0 0 0
1549810800 0 0 0 0
1549809000 0 0 0 0
1549807200 0 0 0 0
1549805400 0 0 0 0
1549803600 0 0 0 0
1549801800 0 0 0 0
1549800000 0 0 0 0
1549798200 0 0 0 0
1549796400 0 0 0 0
1549794600 0 0 0 0
1549792800 0 0 0 0
1549791000 0 0 0 0
1549789200 0 0 0 0
1549787400 0 0 0 0
1549785600 0 0 0 0
1549783800 0 0 0 0
1549782000 0 0 0 0
1549780200 0 0 0 0
1549778400 0 0 0 0
1549776600 0 0 0 0
1549774800 0 0 0 0
1549773000 0 0 0 0
1549771200 0 0 0 0
1549769400 0 0 0 0
1549767600 0 0 0 0
1549765800 0 0 0 0
1549764000 0 0 0 0
1549762200 0 0 0 0
1549760400 0 0 0 0
1549758600 0 0 0 0
1549756800 0 0 0 0
1549755000 0 0 0 0
1549753200 0 0 0 0
1549751400 0 0 0 0
1549749600 0 0 0 0
1549747800 0 0 0 0
1549746000 0 0 0 0
1549744200 0 0 0 0
1549742400 0 0 0 0
1549740600 0 0 0 0
1549738800 0 0 0 0
1549737000 0 0 0 0
1549735200 0 0 0 0
1549733400 0 0 0 0
1549731600 0 0 0 0
1549729800 0 0 0 0
1549728000 0 0 0 0
1549726200 0 0 0 0
1549724400 0 0 0 0
1549722600 0 0 0 0
1549720800 0 0 0 0
1549719000 0 0 0 0
1549717200 0 0 0 0
1549715400 0 0 0 0
1549713600 0 0 0 0
1549711800 0 0 0 0
1549710000 0 0 0 0
1549708200 0 0 0 0
1549706400 0 0 0 0
1549704600 0 0 0 0
1549702800 0 0 0 0
1549701000 0 0 0 0
1549699200 0 0 0 0
1549697400 0 0 0 0
1549695600 0 0 0 0
1549693800 0 0 0 0
1549692000 0 0 0 0
1549690200 0 0 0 0
1549688400 0 0 0 0
1549686600 0 0 0 0
1549684800 0 0 0 0
1549683000 0 0 0 0
1549681200 0 0 0 0
1549679400 0 0 0 0
1549677600 0 0 0 0
1549675800 0 0 0 0
1549674000 0 0 0 0
1549672200 0 0 0 0
1549670400 0 0 0 0
1549668600 0 0 0 0
1549666800 0 0 0 0
1549665000 0 0 0 0
1549663200 0 0 0 0
1549661400 0 0 0 0
1549659600 0 0 0 0
1549657800 0 0 0 0
1549656000 0 0 0 0
1549654200 0 0 0 0
1549652400 0 0 0 0
1549650600 0 0 0 0
1549648800 0 0 0 0
1549647000 0 0 0 0
1549645200 0 0 0 0
1549643400 0 0 0 0
1549641600 0 0 0 0
1549639800 0 0 0 0
1549638000 0 0 0 0
1549636200 0 0 0 0
1549634400 0 0 0 0
1549632600 0 0 0 0
1549630800 0 0 0 0
1549629000 0 0 0 0
1549627200 0 0 0 0
1549625400 0 0 0 0
1549623600 0 0 0 0
1549621800 0 0 0 0
1549620000 0 0 0 0
1549618200 0 0 0 0
1549616400 0 0 0 0
1549614600 0 0 0 0
1549612800 0 0 0 0
1549611000 0 0 0 0
1549609200 0 0 0 0
1549607400 0 0 0 0
1549605600 0 0 0 0
1549603800 0 0 0 0
1549602000 0 0 0 0
1549600200 0 0 0 0
1549598400 0 0 0 0
1549596600 0 0 0 0
1549594800 0 0 0 0
1549593000 0 0 0 0
1549591200 0 0 0 0
1549589400 0 0 0 0
1549587600 0 0 0 0
1549585800 0 0 0 0
1549584000 0 0 0 0
1549582200 0 0 0 0
1549580400 0 0 0 0
1549578600 0 0 0 0
1549576800 0 0 0 0
1549575000 0 0 0 0
1549573200 0 0 0 0
1549571400 0 0 0 0
1549569600 0 0 0 0
1549567800 0 0 0 0
1549566000 0 0 0 0
1549564200 0 0 0 0
1549562400 0 0 0 0
1549560600 0 0 0 0
1549558800 0 0 0 0
1549557000 0 0 0 0
1549555200 0 0 0 0
1549553400 0 0 0 0
1549551600 0 0 0 0
1549549800 0 0 0 0
1549548000 0 0 0 0
1549546200 0 0 0 0
1549544400 0 0 0 0
1549542600 0 0 0 0
1549540800 0 0 0 0
1549539000 0 0 0 0
1549537200 0 0 0 0
1549535400 0 0 0 0
1549533600 0 0 0 0
1549531800 0 0 0 0
1549530000 0 0 0 0
1549528200 0 0 0 0
1549526400 0 0 0 0
1549524600 0 0 0 0
1549522800 0 0 0 0
1549521000 0 0 0 0
1549519200 0 0 0 0
1549517400 0 0 0 0
1549515600 0 0 0 0
1549513800 0 0 0 0
1549512000 0 0 0 0
1549510200 0 0 0 0
1549508400 0 0 0 0
1549506600 0 0 0 0
1549504800 0 0 0 0
1549503000 0 0 0 0
1549501200 0 0 0 0
1549499400 0 0 0 0
1549497600 0 0 0 0
1549495800 0 0 0 0
1549494000 0 0 0 0
1549490400 0 0 0 0
1549483200 0 0 0 0
1549476000 0 0 0 0
1549468800 0 0 0 0
1549461600 0 0 0 0
1549454400 0 0 0 0
1549447200 0 0 0 0
1549440000 0 0 0 0
1549432800 0 0 0 0
1549425600 0 0 0 0
1549418400 0 0 0 0
1549411200 0 0 0 0
1549404000 0 0 0 0
1549396800 0 0 0 0
1549389600 0 0 0 0
1549382400 0 0 0 0
1549375200 0 0 0 0
1549368000 0 0 0 0
1549360800 0 0 0 0
1549353600 0 0 0 0
1549346400 0 0 0 0
1549339200 0 0 0 0
1549332000 0 0 0 0
1549324800 0 0 0 0
1549317600 0 0 0 0
1549310400 0 0 0 0
1549303200 0 0 0 0
1549296000 0 0 0 0
1549288800 0 0 0 0
1549281600 0 0 0 0
1549274400 0 0 0 0
1549267200 0 0 0 0
1549260000 0 0 0 0
1549252800 0 0 0 0
1549245600 0 0 0 0
1549238400 0 0 0 0
1549231200 0 0 0 0
1549224000 0 0 0 0
1549216800 0 0 0 0
1549209600 0 0 0 0
1549202400 0 0 0 0
1549195200 0 0 0 0
1549188000 0 0 0 0
1549180800 0 0 0 0
1549173600 0 0 0 0
1549166400 0 0 0 0
1549159200 0 0 0 0
1549152000 0 0 0 0
1549144800 0 0 0 0
1549137600 0 0 0 0
1549130400 0 0 0 0
1549123200 0 0 0 0
1549116000 0 0 0 0
1549108800 0 0 0 0
1549101600 0 0 0 0
1549094400 0 0 0 0
1549087200 0 0 0 0
1549080000 0 0 0 0
1549072800 0 0 0 0
1549065600 0 0 0 0
1549058400 0 0 0 0
1549051200 0 0 0 0
1549044000 0 0 0 0
1549036800 0 0 0 0
1549029600 0 0 0 0
1549022400 0 0 0 0
1549015200 0 0 0 0
1549008000 0 0 0 0
1549000800 0 0 0 0
1548993600 0 0 0 0
1548986400 0 0 0 0
1548979200 0 0 0 0
1548972000 0 0 0 0
1548964800 0 0 0 0
1548957600 0 0 0 0
1548950400 0 0 0 0
1548943200 0 0 0 0
1548936000 0 0 0 0
1548928800 0 0 0 0
1548921600 0 0 0 0
1548914400 0 0 0 0
1548907200 0 0 0 0
1548900000 0 0 0 0
1548892800 0 0 0 0
1548885600 0 0 0 0
1548878400 0 0 0 0
1548871200 0 0 0 0
1548864000 0 0 0 0
1548856800 0 0 0 0
1548849600 0 0 0 0
1548842400 0 0 0 0
1548835200 0 0 0 0
1548828000 0 0 0 0
1548820800 0 0 0 0
1548813600 0 0 0 0
1548806400 0 0 0 0
1548799200 0 0 0 0
1548792000 0 0 0 0
1548784800 0 0 0 0
1548777600 0 0 0 0
1548770400 0 0 0 0
1548763200 0 0 0 0
1548756000 0 0 0 0
1548748800 0 0 0 0
1548741600 0 0 0 0
1548734400 0 0 0 0
1548727200 0 0 0 0
1548720000 0 0 0 0
1548712800 0 0 0 0
1548705600 0 0 0 0
1548698400 0 0 0 0
1548691200 0 0 0 0
1548684000 0 0 0 0
1548676800 0 0 0 0
1548669600 0 0 0 0
1548662400 0 0 0 0
1548655200 0 0 0 0
1548648000 0 0 0 0
1548640800 0 0 0 0
1548633600 0 0 0 0
1548626400 0 0 0 0
1548619200 0 0 0 0
1548612000 0 0 0 0
1548604800 0 0 0 0
1548597600 0 0 0 0
1548590400 0 0 0 0
1548583200 0 0 0 0
1548576000 0 0 0 0
1548568800 0 0 0 0
1548561600 0 0 0 0
1548554400 0 0 0 0
1548547200 0 0 0 0
1548540000 0 0 0 0
1548532800 0 0 0 0
1548525600 0 0 0 0
1548518400 0 0 0 0
1548511200 0 0 0 0
1548504000 0 0 0 0
1548496800 0 0 0 0
1548489600 0 0 0 0
1548482400 0 0 0 0
1548475200 0 0 0 0
1548468000 0 0 0 0
1548460800 0 0 0 0
1548453600 0 0 0 0
1548446400 0 0 0 0
1548439200 0 0 0 0
1548432000 0 0 0 0
1548424800 0 0 0 0
1548417600 0 0 0 0
1548410400 0 0 0 0
1548403200 0 0 0 0
1548396000 0 0 0 0
1548388800 0 0 0 0
1548381600 0 0 0 0
1548374400 0 0 0 0
1548367200 0 0 0 0
1548360000 0 0 0 0
1548352800 0 0 0 0
1548345600 0 0 0 0
1548338400 0 0 0 0
1548331200 0 0 0 0
1548324000 0 0 0 0
1548316800 0 0 0 0
1548309600 0 0 0 0
1548302400 0 0 0 0
1548295200 0 0 0 0
1548288000 0 0 0 0
1548280800 0 0 0 0
1548273600 0 0 0 0
1548266400 0 0 0 0
1548259200 0 0 0 0
1548252000 0 0 0 0
1548244800 0 0 0 0
1548237600 0 0 0 0
1548230400 0 0 0 0
1548223200 0 0 0 0
1548216000 0 0 0 0
1548208800 0 0 0 0
1548201600 0 0 0 0
1548194400 0 0 0 0
1548187200 0 0 0 0
1548180000 0 0 0 0
1548172800 0 0 0 0
1548165600 0 0 0 0
1548158400 0 0 0 0
1548151200 0 0 0 0
1548144000 0 0 0 0
1548136800 0 0 0 0
1548129600 0 0 0 0
1548122400 0 0 0 0
1548115200 0 0 0 0
1548108000 0 0 0 0
1548100800 0 0 0 0
1548093600 0 0 0 0
1548086400 0 0 0 0
1548079200 0 0 0 0
1548072000 0 0 0 0
1548064800 0 0 0 0
1548057600 0 0 0 0
1548050400 0 0 0 0
1548043200 0 0 0 0
1548036000 0 0 0 0
1548028800 0 0 0 0
1548021600 0 0 0 0
1548014400 0 0 0 0
1548007200 0 0 0 0
1548000000 0 0 0 0
1547992800 0 0 0 0
1547985600 0 0 0 0
1547978400 0 0 0 0
1547971200 0 0 0 0
1547964000 0 0 0 0
1547956800 0 0 0 0
1547949600 0 0 0 0
1547942400 0 0 0 0
1547935200 0 0 0 0
1547928000 0 0 0 0
1547920800 0 0 0 0
1547913600 0 0 0 0
1547906400 0 0 0 0
1547899200 0 0 0 0
1547892000 0 0 0 0
1547884800 0 0 0 0
1547877600 0 0 0 0
1547870400 0 0 0 0
1547863200 0 0 0 0
1547856000 0 0 0 0
1547848800 0 0 0 0
1547841600 0 0 0 0
1547834400 0 0 0 0
1547827200 0 0 0 0
1547820000 0 0 0 0
1547812800 0 0 0 0
1547805600 0 0 0 0
1547798400 0 0 0 0
1547791200 0 0 0 0
1547784000 0 0 0 0
1547776800 0 0 0 0
1547769600 0 0 0 0
1547762400 0 0 0 0
1547755200 0 0 0 0
1547748000 0 0 0 0
1547740800 0 0 0 0
1547733600 0 0 0 0
1547726400 0 0 0 0
1547719200 0 0 0 0
1547712000 0 0 0 0
1547704800 0 0 0 0
1547697600 0 0 0 0
1547690400 0 0 0 0
1547683200 0 0 0 0
1547676000 0 0 0 0
1547668800 0 0 0 0
1547661600 0 0 0 0
1547654400 0 0 0 0
1547647200 0 0 0 0
1547640000 0 0 0 0
1547632800 0 0 0 0
1547625600 0 0 0 0
1547618400 0 0 0 0
1547611200 0 0 0 0
1547604000 0 0 0 0
1547596800 0 0 0 0
1547589600 0 0 0 0
1547582400 0 0 0 0
1547575200 0 0 0 0
1547568000 0 0 0 0
1547560800 0 0 0 0
1547553600 0 0 0 0
1547546400 0 0 0 0
1547539200 0 0 0 0
1547532000 0 0 0 0
1547524800 0 0 0 0
1547517600 0 0 0 0
1547510400 0 0 0 0
1547503200 0 0 0 0
1547496000 0 0 0 0
1547488800 0 0 0 0
1547481600 0 0 0 0
1547474400 0 0 0 0
1547467200 0 0 0 0
1547460000 0 0 0 0
1547452800 0 0 0 0
1547445600 0 0 0 0
1547438400 0 0 0 0
1547431200 0 0 0 0
1547424000 0 0 0 0
1547416800 0 0 0 0
1547409600 0 0 0 0
1547402400 0 0 0 0
1547395200 0 0 0 0
1547388000 0 0 0 0
1547380800 0 0 0 0
1547373600 0 0 0 0
1547366400 0 0 0 0
1547359200 0 0 0 0
1547352000 0 0 0 0
1547344800 0 0 0 0
1547337600 0 0 0 0
1547330400 0 0 0 0
1547323200 0 0 0 0
1547316000 0 0 0 0
1547308800 0 0 0 0
1547301600 0 0 0 0
1547294400 0 0 0 0
1547287200 0 0 0 0
1547280000 0 0 0 0
1547272800 0 0 0 0
1547265600 0 0 0 0
1547258400 0 0 0 0
1547251200 0 0 0 0
1547244000 0 0 0 0
1547236800 0 0 0 0
1547229600 0 0 0 0
1547222400 0 0 0 0
1547215200 0 0 0 0
1547208000 0 0 0 0
1547200800 0 0 0 0
1547193600 0 0 0 0
1547186400 0 0 0 0
1547179200 0 0 0 0
1547172000 0 0 0 0
1547164800 0 0 0 0
1547157600 0 0 0 0
1547150400 0 0 0 0
1547143200 0 0 0 0
1547136000 0 0 0 0
1547128800 0 0 0 0
1547121600 0 0 0 0
1547114400 0 0 0 0
1547107200 0 0 0 0
1547100000 0 0 0 0
1547092800 0 0 0 0
1547085600 0 0 0 0
1547078400 0 0 0 0
1547071200 0 0 0 0
1547064000 0 0 0 0
1547056800 0 0 0 0
1547049600 0 0 0 0
1547042400 0 0 0 0
1547035200 0 0 0 0
1547028000 0 0 0 0
1547020800 0 0 0 0
1547013600 0 0 0 0
1547006400 0 0 0 0
1546999200 0 0 0 0
1546992000 0 0 0 0
1546984800 0 0 0 0
1546977600 0 0 0 0
1546970400 0 0 0 0
1546963200 0 0 0 0
1546956000 0 0 0 0
1546948800 0 0 0 0
1546941600 0 0 0 0
1546934400 0 0 0 0
1546927200 0 0 0 0
1546920000 0 0 0 0
1546912800 0 0 0 0
1546905600 0 0 0 0
1546898400 0 0 0 0
1546891200 0 0 0 0
1546884000 0 0 0 0
1546876800 0 0 0 0
1546869600 0 0 0 0
1546862400 0 0 0 0
1546855200 0 0 0 0
1546848000 0 0 0 0
1546840800 0 0 0 0
1546833600 0 0 0 0
1546826400 0 0 0 0
1546819200 0 0 0 0
1546812000 0 0 0 0
1546804800 0 0 0 0
1546797600 0 0 0 0
1546790400 0 0 0 0
1546783200 0 0 0 0
1546776000 0 0 0 0
1546768800 0 0 0 0
1546761600 0 0 0 0
1546754400 0 0 0 0
1546747200 0 0 0 0
1546740000 0 0 0 0
1546732800 0 0 0 0
1546725600 0 0 0 0
1546718400 0 0 0 0
1546711200 0 0 0 0
1546704000 0 0 0 0
1546696800 0 0 0 0
1546689600 0 0 0 0
1546682400 0 0 0 0
1546675200 0 0 0 0
1546668000 0 0 0 0
1546660800 0 0 0 0
1546653600 0 0 0 0
1546646400 0 0 0 0
1546639200 0 0 0 0
1546632000 0 0 0 0
1546624800 0 0 0 0
1546617600 0 0 0 0
1546610400 0 0 0 0
1546603200 0 0 0 0
1546596000 0 0 0 0
1546588800 0 0 0 0
1546581600 0 0 0 0
1546574400 0 0 0 0
1546567200 0 0 0 0
1546560000 0 0 0 0
1546552800 0 0 0 0
1546545600 0 0 0 0
1546538400 0 0 0 0
1546531200 0 0 0 0
1546524000 0 0 0 0
1546516800 0 0 0 0
1546509600 0 0 0 0
1546502400 0 0 0 0
1546495200 0 0 0 0
1546488000 0 0 0 0
1546480800 0 0 0 0
1546473600 0 0 0 0
1546466400 0 0 0 0
1546459200 0 0 0 0
1546452000 0 0 0 0
1546444800 0 0 0 0
1546437600 0 0 0 0
1546430400 0 0 0 0
1546423200 0 0 0 0
1546416000 0 0 0 0
1546408800 0 0 0 0
1546401600 0 0 0 0
1546394400 0 0 0 0
1546387200 0 0 0 0
1546380000 0 0 0 0
1546372800 0 0 0 0
1546365600 0 0 0 0
1546358400 0 0 0 0
1546351200 0 0 0 0
1546344000 0 0 0 0
1546336800 0 0 0 0
1546329600 0 0 0 0
1546322400 0 0 0 0
1546315200 0 0 0 0
1546308000 0 0 0 0
1546300800 0 0 0 0
1546293600 0 0 0 0
1546286400 0 0 0 0
1546279200 0 0 0 0
1546272000 0 0 0 0
1546264800 0 0 0 0
1546257600 0 0 0 0
1546250400 0 0 0 0
1546243200 0 0 0 0
1546236000 0 0 0 0
1546228800 0 0 0 0
1546221600 0 0 0 0
1546214400 0 0 0 0
1546207200 0 0 0 0
1546200000 0 0 0 0
1546192800 0 0 0 0
1546185600 0 0 0 0
1546178400 0 0 0 0
1546171200 0 0 0 0
1546164000 0 0 0 0
1546156800 0 0 0 0
1546149600 0 0 0 0
1546142400 0 0 0 0
1546135200 0 0 0 0
1546128000 0 0 0 0
1546120800 0 0 0 0
1546113600 0 0 0 0
1546106400 0 0 0 0
1546099200 0 0 0 0
1546092000 0 0 0 0
1546084800 0 0 0 0
1546077600 0 0 0 0
1546070400 0 0 0 0
1546063200 0 0 0 0
1546056000 0 0 0 0
1546048800 0 0 0 0
1546041600 0 0 0 0
1546034400 0 0 0 0
1546027200 0 0 0 0
1546020000 0 0 0 0
1546012800 0 0 0 0
1546005600 0 0 0 0
1545998400 0 0 0 0
1545991200 0 0 0 0
1545984000 0 0 0 0
1545976800 0 0 0 0
1545969600 0 0 0 0
1545962400 0 0 0 0
1545955200 0 0 0 0
1545948000 0 0 0 0
1545940800 0 0 0 0
1545933600 0 0 0 0
1545926400 0 0 0 0
1545919200 0 0 0 0
1545912000 0 0 0 0
1545904800 0 0 0 0
1545897600 0 0 0 0
1545890400 0 0 0 0
1545883200 0 0 0 0
1545876000 0 0 0 0
1545868800 0 0 0 0
1545861600 0 0 0 0
1545854400 0 0 0 0
1545847200 0 0 0 0
1545840000 0 0 0 0
1545832800 0 0 0 0
1545825600 0 0 0 0
1545818400 0 0 0 0
1545811200 0 0 0 0
1545804000 0 0 0 0
1545796800 0 0 0 0
1545789600 0 0 0 0
1545782400 0 0 0 0
1545775200 0 0 0 0
1545768000 0 0 0 0
1545760800 0 0 0 0
1545753600 0 0 0 0
1545746400 0 0 0 0
1545739200 0 0 0 0
1545732000 0 0 0 0
1545724800 0 0 0 0
1545717600 0 0 0 0
1545710400 0 0 0 0
1545703200 0 0 0 0
1545696000 0 0 0 0
1545688800 0 0 0 0
1545681600 0 0 0 0
1545674400 0 0 0 0
1545667200 0 0 0 0
1545660000 0 0 0 0
1545652800 0 0 0 0
1545645600 0 0 0 0
1545638400 0 0 0 0
1545631200 0 0 0 0
1545624000 0 0 0 0
1545616800 0 0 0 0
1545609600 0 0 0 0
1545602400 0 0 0 0
1545595200 0 0 0 0
1545588000 0 0 0 0
1545580800 0 0 0 0
1545573600 0 0 0 0
1545566400 0 0 0 0
1545559200 0 0 0 0
1545552000 0 0 0 0
1545544800 0 0 0 0
1545537600 0 0 0 0
1545530400 0 0 0 0
1545523200 0 0 0 0
1545516000 0 0 0 0
1545508800 0 0 0 0
1545501600 0 0 0 0
1545494400 0 0 0 0
1545487200 0 0 0 0
1545480000 0 0 0 0
1545472800 0 0 0 0
1545465600 0 0 0 0
1545458400 0 0 0 0
1545451200 0 0 0 0
1545444000 0 0 0 0
1545436800 0 0 0 0
1545429600 0 0 0 0
1545422400 0 0 0 0
1545415200 0 0 0 0
1545408000 0 0 0 0
1545400800 0 0 0 0
1545393600 0 0 0 0
1545386400 0 0 0 0
1545379200 0 0 0 0
1545372000 0 0 0 0
1545364800 0 0 0 0
1545357600 0 0 0 0
1545350400 0 0 0 0
1545343200 0 0 0 0
1545336000 0 0 0 0
1545328800 0 0 0 0
1545321600 0 0 0 0
1545314400 0 0 0 0
1545307200 0 0 0 0
1545300000 0 0 0 0
1545292800 0 0 0 0
1545285600 0 0 0 0
1545278400 0 0 0 0
1545271200 0 0 0 0
1545264000 0 0 0 0
1545256800 0 0 0 0
1545249600 0 0 0 0
1545242400 0 0 0 0
1545235200 0 0 0 0
1545228000 0 0 0 0
1545220800 0 0 0 0
1545213600 0 0 0 0
1545206400 0 0 0 0
1545199200 0 0 0 0
1545192000 0 0 0 0
1545184800 0 0 0 0
1545177600 0 0 0 0
1545170400 0 0 0 0
1545091200 0 0 0 0
1545004800 0 0 0 0
1544918400 0 0 0 0
1544832000 0 0 0 0
1544745600 0 0 0 0
1544659200 0 0 0 0
1544572800 0 0 0 0
1544486400 0 0 0 0
1544400000 0 0 0 0
1544313600 0 0 0 0
1544227200 0 0 0 0
1544140800 0 0 0 0
1544054400 0 0 0 0
1543968000 0 0 0 0
1543881600 0 0 0 0
1543795200 0 0 0 0
1543708800 0 0 0 0
1543622400 0 0 0 0
1543536000 0 0 0 0
1543449600 0 0 0 0
1543363200 0 0 0 0
1543276800 0 0 0 0
1543190400 0 0 0 0
1543104000 0 0 0 0
1543017600 0 0 0 0
1542931200 0 0 0 0
1542844800 0 0 0 0
1542758400 0 0 0 0
1542672000 0 0 0 0
1542585600 0 0 0 0
1542499200 0 0 0 0
1542412800 0 0 0 0
1542326400 0 0 0 0
1542240000 0 0 0 0
1542153600 0 0 0 0
1542067200 0 0 0 0
1541980800 0 0 0 0
1541894400 0 0 0 0
1541808000 0 0 0 0
1541721600 0 0 0 0
1541635200 0 0 0 0
1541548800 0 0 0 0
1541462400 0 0 0 0
1541376000 0 0 0 0
1541289600 0 0 0 0
1541203200 0 0 0 0
1541116800 0 0 0 0
1541030400 0 0 0 0
1540944000 0 0 0 0
1540857600 0 0 0 0
1540771200 0 0 0 0
1540684800 0 0 0 0
1540598400 0 0 0 0
1540512000 0 0 0 0
1540425600 0 0 0 0
1540339200 0 0 0 0
1540252800 0 0 0 0
1540166400 0 0 0 0
1540080000 0 0 0 0
1539993600 0 0 0 0
1539907200 0 0 0 0
1539820800 0 0 0 0
1539734400 0 0 0 0
1539648000 0 0 0 0
1539561600 0 0 0 0
1539475200 0 0 0 0
1539388800 0 0 0 0
1539302400 0 0 0 0
1539216000 0 0 0 0
1539129600 0 0 0 0
1539043200 0 0 0 0
1538956800 0 0 0 0
1538870400 0 0 0 0
1538784000 0 0 0 0
1538697600 0 0 0 0
1538611200 0 0 0 0
1538524800 0 0 0 0
1538438400 0 0 0 0
1538352000 0 0 0 0
1538265600 0 0 0 0
1538179200 0 0 0 0
1538092800 0 0 0 0
1538006400 0 0 0 0
1537920000 0 0 0 0
1537833600 0 0 0 0
1537747200 0 0 0 0
1537660800 0 0 0 0
1537574400 0 0 0 0
1537488000 0 0 0 0
1537401600 0 0 0 0
1537315200 0 0 0 0
1537228800 0 0 0 0
1537142400 0 0 0 0
1537056000 0 0 0 0
1536969600 0 0 0 0
1536883200 0 0 0 0
1536796800 0 0 0 0
1536710400 0 0 0 0
1536624000 0 0 0 0
1536537600 0 0 0 0
1536451200 0 0 0 0
1536364800 0 0 0 0
1536278400 0 0 0 0
1536192000 0 0 0 0
1536105600 0 0 0 0
1536019200 0 0 0 0
1535932800 0 0 0 0
1535846400 0 0 0 0
1535760000 0 0 0 0
1535673600 0 0 0 0
1535587200 0 0 0 0
1535500800 0 0 0 0
1535414400 0 0 0 0
1535328000 0 0 0 0
1535241600 0 0 0 0
1535155200 0 0 0 0
1535068800 0 0 0 0
1534982400 0 0 0 0
1534896000 0 0 0 0
1534809600 0 0 0 0
1534723200 0 0 0 0
1534636800 0 0 0 0
1534550400 0 0 0 0
1534464000 0 0 0 0
1534377600 0 0 0 0
1534291200 0 0 0 0
1534204800 0 0 0 0
1534118400 0 0 0 0
1534032000 0 0 0 0
1533945600 0 0 0 0
1533859200 0 0 0 0
1533772800 0 0 0 0
1533686400 0 0 0 0
1533600000 0 0 0 0
1533513600 0 0 0 0
1533427200 0 0 0 0
1533340800 0 0 0 0
1533254400 0 0 0 0
1533168000 0 0 0 0
1533081600 0 0 0 0
1532995200 0 0 0 0
1532908800 0 0 0 0
1532822400 0 0 0 0
1532736000 0 0 0 0
1532649600 0 0 0 0
1532563200 0 0 0 0
1532476800 0 0 0 0
1532390400 0 0 0 0
1532304000 0 0 0 0
1532217600 0 0 0 0
1532131200 0 0 0 0
1532044800 0 0 0 0
1531958400 0 0 0 0
1531872000 0 0 0 0
1531785600 0 0 0 0
1531699200 0 0 0 0
1531612800 0 0 0 0
1531526400 0 0 0 0
1531440000 0 0 0 0
1531353600 0 0 0 0
1531267200 0 0 0 0
1531180800 0 0 0 0
1531094400 0 0 0 0
1531008000 0 0 0 0
1530921600 0 0 0 0
1530835200 0 0 0 0
1530748800 0 0 0 0
1530662400 0 0 0 0
1530576000 0 0 0 0
1530489600 0 0 0 0
1530403200 0 0 0 0
1530316800 0 0 0 0
1530230400 0 0 0 0
1530144000 0 0 0 0
1530057600 0 0 0 0
1529971200 0 0 0 0
1529884800 0 0 0 0
1529798400 0 0 0 0
1529712000 0 0 0 0
1529625600 0 0 0 0
1529539200 0 0 0 0
1529452800 0 0 0 0
1529366400 0 0 0 0
1529280000 0 0 0 0
1529193600 0 0 0 0
1529107200 0 0 0 0
1529020800 0 0 0 0
1528934400 0 0 0 0
1528848000 0 0 0 0
1528761600 0 0 0 0
1528675200 0 0 0 0
1528588800 0 0 0 0
1528502400 0 0 0 0
1528416000 0 0 0 0
1528329600 0 0 0 0
1528243200 0 0 0 0
1528156800 0 0 0 0
1528070400 0 0 0 0
1527984000 0 0 0 0
1527897600 0 0 0 0
1527811200 0 0 0 0
1527724800 0 0 0 0
1527638400 0 0 0 0
1527552000 0 0 0 0
1527465600 0 0 0 0
1527379200 0 0 0 0
1527292800 0 0 0 0
1527206400 0 0 0 0
1527120000 0 0 0 0
1527033600 0 0 0 0
1526947200 0 0 0 0
1526860800 0 0 0 0
1526774400 0 0 0 0
1526688000 0 0 0 0
1526601600 0 0 0 0
1526515200 0 0 0 0
1526428800 0 0 0 0
1526342400 0 0 0 0
1526256000 0 0 0 0
1526169600 0 0 0 0
1526083200 0 0 0 0
1525996800 0 0 0 0
1525910400 0 0 0 0
1525824000 0 0 0 0
1525737600 0 0 0 0
1525651200 0 0 0 0
1525564800 0 0 0 0
1525478400 0 0 0 0
1525392000 0 0 0 0
1525305600 0 0 0 0
1525219200 0 0 0 0
1525132800 0 0 0 0
1525046400 0 0 0 0
1524960000 0 0 0 0
1524873600 0 0 0 0
1524787200 0 0 0 0
1524700800 0 0 0 0
1524614400 0 0 0 0
1524528000 0 0 0 0
1524441600 0 0 0 0
1524355200 0 0 0 0
1524268800 0 0 0 0
1524182400 0 0 0 0
1524096000 0 0 0 0
1524009600 0 0 0 0
1523923200 0 0 0 0
1523836800 0 0 0 0
1523750400 0 0 0 0
1523664000 0 0 0 0
1523577600 0 0 0 0
1523491200 0 0 0 0
1523404800 0 0 0 0
1523318400 0 0 0 0
1523232000 0 0 0 0
1523145600 0 0 0 0
1523059200 0 0 0 0
1522972800 0 0 0 0
1522886400 0 0 0 0
1522800000 0 0 0 0
1522713600 0 0 0 0
1522627200 0 0 0 0
1522540800 0 0 0 0
1522454400 0 0 0 0
1522368000 0 0 0 0
1522281600 0 0 0 0
1522195200 0 0 0 0
1522108800 0 0 0 0
1522022400 0 0 0 0
1521936000 0 0 0 0
1521849600 0 0 0 0
1521763200 0 0 0 0
1521676800 0 0 0 0
1521590400 0 0 0 0
1521504000 0 0 0 0
1521417600 0 0 0 0
1521331200 0 0 0 0
1521244800 0 0 0 0
1521158400 0 0 0 0
1521072000 0 0 0 0
1520985600 0 0 0 0
1520899200 0 0 0 0
1520812800 0 0 0 0
1520726400 0 0 0 0
1520640000 0 0 0 0
1520553600 0 0 0 0
1520467200 0 0 0 0
1520380800 0 0 0 0
1520294400 0 0 0 0
1520208000 0 0 0 0
1520121600 0 0 0 0
1520035200 0 0 0 0
1519948800 0 0 0 0
1519862400 0 0 0 0
1519776000 0 0 0 0
1519689600 0 0 0 0
1519603200 0 0 0 0
1519516800 0 0 0 0
1519430400 0 0 0 0
1519344000 0 0 0 0
1519257600 0 0 0 0
1519171200 0 0 0 0
1519084800 0 0 0 0
1518998400 0 0 0 0
1518912000 0 0 0 0
1518825600 0 0 0 0
1518739200 0 0 0 0
1518652800 0 0 0 0
1518566400 0 0 0 0
1518480000 0 0 0 0
1518393600 0 0 0 0
1518307200 0 0 0 0
1518220800 0 0 0 0
1518134400 0 0 0 0
1518048000 0 0 0 0
1517961600 0 0 0 0
1517875200 0 0 0 0
1517788800 0 0 0 0
1517702400 0 0 0 0
1517616000 0 0 0 0
1517529600 0 0 0 0
1517443200 0 0 0 0
1517356800 0 0 0 0
1517270400 0 0 0 0
1517184000 0 0 0 0
1517097600 0 0 0 0
1517011200 0 0 0 0
1516924800 0 0 0 0
1516838400 0 0 0 0
1516752000 0 0 0 0
1516665600 0 0 0 0
1516579200 0 0 0 0
1516492800 0 0 0 0
1516406400 0 0 0 0
1516320000 0 0 0 0
1516233600 0 0 0 0
1516147200 0 0 0 0
1516060800 0 0 0 0
1515974400 0 0 0 0
1515888000 0 0 0 0
1515801600 0 0 0 0
1515715200 0 0 0 0
1515628800 0 0 0 0
1515542400 0 0 0 0
1515456000 0 0 0 0
1515369600 0 0 0 0
1515283200 0 0 0 0
1515196800 0 0 0 0
1515110400 0 0 0 0
1515024000 0 0 0 0
1514937600 0 0 0 0
1514851200 0 0 0 0
1514764800 0 0 0 0
1514678400 0 0 0 0
1514592000 0 0 0 0
1514505600 0 0 0 0
1514419200 0 0 0 0
1514332800 0 0 0 0
1514246400 0 0 0 0
1514160000 0 0 0 0
1514073600 0 0 0 0
1513987200 0 0 0 0
1513900800 0 0 0 0
1513814400 0 0 0 0
1513728000 0 0 0 0
1513641600 0 0 0 0
1513555200 0 0 0 0
1513468800 0 0 0 0
1513382400 0 0 0 0
1513296000 0 0 0 0
1513209600 0 0 0 0
1513123200 0 0 0 0
1513036800 0 0 0 0
1512950400 0 0 0 0
1512864000 0 0 0 0
1512777600 0 0 0 0
1512691200 0 0 0 0
1512604800 0 0 0 0
1512518400 0 0 0 0
1512432000 0 0 0 0
1512345600 0 0 0 0
1512259200 0 0 0 0
1512172800 0 0 0 0
1512086400 0 0 0 0
1512000000 0 0 0 0
1511913600 0 0 0 0
1511827200 0 0 0 0
1511740800 0 0 0 0
1511654400 0 0 0 0
1511568000 0 0 0 0
1511481600 0 0 0 0
1511395200 0 0 0 0
1511308800 0 0 0 0
1511222400 0 0 0 0
1511136000 0 0 0 0
1511049600 0 0 0 0
1510963200 0 0 0 0
1510876800 0 0 0 0
1510790400 0 0 0 0
1510704000 0 0 0 0
1510617600 0 0 0 0
1510531200 0 0 0 0
1510444800 0 0 0 0
1510358400 0 0 0 0
1510272000 0 0 0 0
1510185600 0 0 0 0
1510099200 0 0 0 0
1510012800 0 0 0 0
1509926400 0 0 0 0
1509840000 0 0 0 0
1509753600 0 0 0 0
1509667200 0 0 0 0
1509580800 0 0 0 0
1509494400 0 0 0 0
1509408000 0 0 0 0
1509321600 0 0 0 0
1509235200 0 0 0 0
1509148800 0 0 0 0
1509062400 0 0 0 0
1508976000 0 0 0 0
1508889600 0 0 0 0
1508803200 0 0 0 0
1508716800 0 0 0 0
1508630400 0 0 0 0
1508544000 0 0 0 0
1508457600 0 0 0 0
1508371200 0 0 0 0
1508284800 0 0 0 0
1508198400 0 0 0 0
1508112000 0 0 0 0
1508025600 0 0 0 0
1507939200 0 0 0 0
1507852800 0 0 0 0
1507766400 0 0 0 0
1507680000 0 0 0 0
1507593600 0 0 0 0
1507507200 0 0 0 0
1507420800 0 0 0 0
1507334400 0 0 0 0
1507248000 0 0 0 0
1507161600 0 0 0 0
1507075200 0 0 0 0
1506988800 0 0 0 0
1506902400 0 0 0 0
1506816000 0 0 0 0
1506729600 0 0 0 0
1506643200 0 0 0 0
1506556800 0 0 0 0
1506470400 0 0 0 0
1506384000 0 0 0 0
1506297600 0 0 0 0
1506211200 0 0 0 0
1506124800 0 0 0 0
1506038400 0 0 0 0
1505952000 0 0 0 0
1505865600 0 0 0 0
1505779200 0 0 0 0
1505692800 0 0 0 0
1505606400 0 0 0 0
1505520000 0 0 0 0
1505433600 0 0 0 0
1505347200 0 0 0 0
1505260800 0 0 0 0
1505174400 0 0 0 0
1505088000 0 0 0 0
1505001600 0 0 0 0
1504915200 0 0 0 0
1504828800 0 0 0 0
1504742400 0 0 0 0
1504656000 0 0 0 0
1504569600 0 0 0 0
1504483200 0 0 0 0
1504396800 0 0 0 0
1504310400 0 0 0 0
1504224000 0 0 0 0
1504137600 0 0 0 0
1504051200 0 0 0 0
1503964800 0 0 0 0
1503878400 0 0 0 0
1503792000 0 0 0 0
1503705600 0 0 0 0
1503619200 0 0 0 0
1503532800 0 0 0 0
1503446400 0 0 0 0
1503360000 0 0 0 0
1503273600 0 0 0 0
1503187200 0 0 0 0
1503100800 0 0 0 0
1503014400 0 0 0 0
1502928000 0 0 0 0
1502841600 0 0 0 0
1502755200 0 0 0 0
1502668800 0 0 0 0
1502582400 0 0 0 0
1502496000 0 0 0 0
1502409600 0 0 0 0
1502323200 0 0 0 0
1502236800 0 0 0 0
1502150400 0 0 0 0
1502064000 0 0 0 0
1501977600 0 0 0 0
1501891200 0 0 0 0
1501804800 0 0 0 0
1501718400 0 0 0 0
1501632000 0 0 0 0
1501545600 0 0 0 0
1501459200 0 0 0 0
1501372800 0 0 0 0
1501286400 0 0 0 0
1501200000 0 0 0 0
1501113600 0 0 0 0
1501027200 0 0 0 0
1500940800 0 0 0 0
1500854400 0 0 0 0
1500768000 0 0 0 0
1500681600 0 0 0 0
1500595200 0 0 0 0
1500508800 0 0 0 0
1500422400 0 0 0 0
1500336000 0 0 0 0
1500249600 0 0 0 0
1500163200 0 0 0 0
1500076800 0 0 0 0
1499990400 0 0 0 0
1499904000 0 0 0 0
1499817600 0 0 0 0
1499731200 0 0 0 0
1499644800 0 0 0 0
1499558400 0 0 0 0
1499472000 0 0 0 0
1499385600 0 0 0 0
1499299200 0 0 0 0
1499212800 0 0 0 0
1499126400 0 0 0 0
1499040000 0 0 0 0
1498953600 0 0 0 0
1498867200 0 0 0 0
1498780800 0 0 0 0
1498694400 0 0 0 0
1498608000 0 0 0 0
1498521600 0 0 0 0
1498435200 0 0 0 0
1498348800 0 0 0 0
1498262400 0 0 0 0
1498176000 0 0 0 0
1498089600 0 0 0 0
1498003200 0 0 0 0
1497916800 0 0 0 0
1497830400 0 0 0 0
1497744000 0 0 0 0
1497657600 0 0 0 0
1497571200 0 0 0 0
1497484800 0 0 0 0
1497398400 0 0 0 0
1497312000 0 0 0 0
1497225600 0 0 0 0
1497139200 0 0 0 0
1497052800 0 0 0 0
1496966400 0 0 0 0
1496880000 0 0 0 0
1496793600 0 0 0 0
1496707200 0 0 0 0
1496620800 0 0 0 0
1496534400 0 0 0 0
1496448000 0 0 0 0
1496361600 0 0 0 0
1496275200 0 0 0 0
1496188800 0 0 0 0
1496102400 0 0 0 0
1496016000 0 0 0 0
1495929600 0 0 0 0
1495843200 0 0 0 0
1495756800 0 0 0 0
1495670400 0 0 0 0
1495584000 0 0 0 0
1495497600 0 0 0 0
1495411200 0 0 0 0
1495324800 0 0 0 0
1495238400 0 0 0 0
1495152000 0 0 0 0
1495065600 0 0 0 0
1494979200 0 0 0 0
1494892800 0 0 0 0
1494806400 0 0 0 0
1494720000 0 0 0 0
1494633600 0 0 0 0
1494547200 0 0 0 0
1494460800 0 0 0 0
1494374400 0 0 0 0
1494288000 0 0 0 0
1494201600 0 0 0 0
1494115200 0 0 0 0
1494028800 0 0 0 0
1493942400 0 0 0 0
1493856000 0 0 0 0
1493769600 0 0 0 0
1493683200 0 0 0 0
1493596800 0 0 0 0
1493510400 0 0 0 0
1493424000 0 0 0 0
1493337600 0 0 0 0
1493251200 0 0 0 0
1493164800 0 0 0 0
1493078400 0 0 0 0
1492992000 0 0 0 0
1492905600 0 0 0 0
1492819200 0 0 0 0
1492732800 0 0 0 0
1492646400 0 0 0 0
1492560000 0 0 0 0
1492473600 0 0 0 0
1492387200 0 0 0 0
1492300800 0 0 0 0
1492214400 0 0 0 0
1492128000 0 0 0 0
1492041600 0 0 0 0
1491955200 0 0 0 0
1491868800 0 0 0 0
1491782400 0 0 0 0
1491696000 0 0 0 0
1491609600 0 0 0 0
1491523200 0 0 0 0
1491436800 0 0 0 0
1491350400 0 0 0 0
1491264000 0 0 0 0
1491177600 0 0 0 0
1491091200 0 0 0 0
1491004800 0 0 0 0
1490918400 0 0 0 0
1490832000 0 0 0 0
1490745600 0 0 0 0
1490659200 0 0 0 0
1490572800 0 0 0 0
1490486400 0 0 0 0
1490400000 0 0 0 0
1490313600 0 0 0 0
1490227200 0 0 0 0
1490140800 0 0 0 0
1490054400 0 0 0 0
1489968000 0 0 0 0
1489881600 0 0 0 0
1489795200 0 0 0 0
1489708800 0 0 0 0
1489622400 0 0 0 0
1489536000 0 0 0 0
1489449600 0 0 0 0
1489363200 0 0 0 0
1489276800 0 0 0 0
1489190400 0 0 0 0
1489104000 0 0 0 0
1489017600 0 0 0 0
1488931200 0 0 0 0
1488844800 0 0 0 0
1488758400 0 0 0 0
1488672000 0 0 0 0
1488585600 0 0 0 0
1488499200 0 0 0 0
1488412800 0 0 0 0
1488326400 0 0 0 0
1488240000 0 0 0 0
1488153600 0 0 0 0
1488067200 0 0 0 0
1487980800 0 0 0 0
1487894400 0 0 0 0
1487808000 0 0 0 0
1487721600 0 0 0 0
1487635200 0 0 0 0
1487548800 0 0 0 0
1487462400 0 0 0 0
1487376000 0 0 0 0
1487289600 0 0 0 0
1487203200 0 0 0 0
1487116800 0 0 0 0
1487030400 0 0 0 0
1486944000 0 0 0 0
1486857600 0 0 0 0
1486771200 0 0 0 0
1486684800 0 0 0 0
1486598400 0 0 0 0
1486512000 0 0 0 0
1486425600 0 0 0 0
1486339200 0 0 0 0
1486252800 0 0 0 0
1486166400 0 0 0 0
1486080000 0 0 0 0
1485993600 0 0 0 0
1485907200 0 0 0 0
1485820800 0 0 0 0
1485734400 0 0 0 0
1485648000 0 0 0 0
1485561600 0 0 0 0
1485475200 0 0 0 0
1485388800 0 0 0 0
1485302400 0 0 0 0
1485216000 0 0 0 0
1485129600 0 0 0 0
1485043200 0 0 0 0
1484956800 0 0 0 0
1484870400 0 0 0 0
1484784000 0 0 0 0
1484697600 0 0 0 0
1484611200 0 0 0 0
1484524800 0 0 0 0
1484438400 0 0 0 0
1484352000 0 0 0 0
1484265600 0 0 0 0
1484179200 0 0 0 0
1484092800 0 0 0 0
1484006400 0 0 0 0
1483920000 0 0 0 0
1483833600 0 0 0 0
1483747200 0 0 0 0
1483660800 0 0 0 0
1483574400 0 0 0 0
1483488000 0 0 0 0
1483401600 0 0 0 0
1483315200 0 0 0 0
1483228800 0 0 0 0
1483142400 0 0 0 0
1483056000 0 0 0 0
1482969600 0 0 0 0
1482883200 0 0 0 0
1482796800 0 0 0 0
1482710400 0 0 0 0
1482624000 0 0 0 0
1482537600 0 0 0 0
1482451200 0 0 0 0
1482364800 0 0 0 0
1482278400 0 0 0 0
1482192000 0 0 0 0
1482105600 0 0 0 0
1482019200 0 0 0 0
1481932800 0 0 0 0
