1550754901 1 1
1550754901 1 1 1 1
1550754601 1 1 1 1
1550754600 1 1 1 1
1550754300 1 1 1 1
1550754000 1 1 1 1
1550753700 1 1 1 1
1550753400 1 1 1 1
1550753100 1 1 1 1
1550752800 1 1 1 1
1550752500 1 1 1 1
1550752200 1 1 1 1
1550751900 1 1 1 1
1550751600 1 1 1 1
1550751300 1 1 1 1
1550751000 1 1 1 1
1550750700 1 1 1 1
1550750400 1 1 1 1
1550750100 1 1 1 1
1550749800 1 1 1 1
1550749500 1 1 1 1
1550749200 1 1 1 1
1550748900 1 1 1 1
1550748600 1 1 1 1
1550748300 1 1 1 1
1550748000 1 1 1 1
1550747700 1 1 1 1
1550747400 1 1 1 1
1550747100 1 1 1 1
1550746800 1 1 1 1
1550746500 1 1 1 1
1550746200 1 1 1 1
1550745900 1 1 1 1
1550745600 1 1 1 1
1550745300 1 1 1 1
1550745000 1 1 1 1
1550744700 1 1 1 1
1550744400 1 1 1 1
1550744100 1 1 1 1
1550743800 1 1 1 1
1550743500 1 1 1 1
1550743200 1 1 1 1
1550742900 1 1 1 1
1550742600 1 1 1 1
1550742300 1 1 1 1
1550742000 1 1 1 1
1550741700 1 1 1 1
1550741400 1 1 1 1
1550741100 1 1 1 1
1550740800 1 1 1 1
1550740500 1 1 1 1
1550740200 1 1 1 1
1550739900 1 1 1 1
1550739600 1 1 1 1
1550739300 1 1 1 1
1550739000 1 1 1 1
1550738700 1 1 1 1
1550738400 1 1 1 1
1550738100 1 1 1 1
1550737800 1 1 1 1
1550737500 1 1 1 1
1550737200 1 1 1 1
1550736900 1 1 1 1
1550736600 1 1 1 1
1550736300 1 1 1 1
1550736000 1 1 1 1
1550735700 1 1 1 1
1550735400 1 1 1 1
1550735100 1 1 1 1
1550734800 1 1 1 1
1550734500 1 1 1 1
1550734200 1 1 1 1
1550733900 1 1 1 1
1550733600 1 1 1 1
1550733300 1 1 1 1
1550733000 1 1 1 1
1550732700 1 1 1 1
1550732400 1 1 1 1
1550732100 1 1 1 1
1550731800 1 1 1 1
1550731500 1 1 1 1
1550731200 1 1 1 1
1550730900 1 1 1 1
1550730600 1 1 1 1
1550730300 1 1 1 1
1550730000 1 1 1 1
1550729700 1 1 1 1
1550729400 1 1 1 1
1550729100 1 1 1 1
1550728800 1 1 1 1
1550728500 1 1 1 1
1550728200 1 1 1 1
1550727900 1 1 1 1
1550727600 1 1 1 1
1550727300 1 1 1 1
1550727000 1 1 1 1
1550726700 1 1 1 1
1550726400 1 1 1 1
1550726100 1 1 1 1
1550725800 1 1 1 1
1550725500 1 1 1 1
1550725200 1 1 1 1
1550724900 1 1 1 1
1550724600 1 1 1 1
1550724300 1 1 1 1
1550724000 1 1 1 1
1550723700 1 1 1 1
1550723400 1 1 1 1
1550723100 1 1 1 1
1550722800 1 1 1 1
1550722500 1 1 1 1
1550722200 1 1 1 1
1550721900 1 1 1 1
1550721600 1 1 1 1
1550721300 1 1 1 1
1550721000 1 1 1 1
1550720700 1 1 1 1
1550720400 1 1 1 1
1550720100 1 1 1 1
1550719800 1 1 1 1
1550719500 1 1 1 1
1550719200 1 1 1 1
1550718900 1 1 1 1
1550718600 1 1 1 1
1550718300 1 1 1 1
1550718000 1 1 1 1
1550717700 1 1 1 1
1550717400 1 1 1 1
1550717100 1 1 1 1
1550716800 1 1 1 1
1550716500 1 1 1 1
1550716200 1 1 1 1
1550715900 1 1 1 1
1550715600 1 1 1 1
1550715300 1 1 1 1
1550715000 1 1 1 1
1550714700 1 1 1 1
1550714400 1 1 1 1
1550714100 1 1 1 1
1550713800 1 1 1 1
1550713500 1 1 1 1
1550713200 1 1 1 1
1550712900 1 1 1 1
1550712600 1 1 1 1
1550712300 1 1 1 1
1550712000 1 1 1 1
1550711700 1 1 1 1
1550711400 1 1 1 1
1550711100 1 1 1 1
1550710800 1 1 1 1
1550710500 1 1 1 1
1550710200 1 1 1 1
1550709900 1 1 1 1
1550709600 1 1 1 1
1550709300 1 1 1 1
1550709000 1 1 1 1
1550708700 1 1 1 1
1550708400 1 1 1 1
1550708100 1 1 1 1
1550707800 1 1 1 1
1550707500 1 1 1 1
1550707200 1 1 1 1
1550706900 1 1 1 1
1550706600 1 1 1 1
1550706300 1 1 1 1
1550706000 1 1 1 1
1550705700 1 1 1 1
1550705400 1 1 1 1
1550705100 1 1 1 1
1550704800 1 1 1 1
1550704500 1 1 1 1
1550704200 1 1 1 1
1550703900 1 1 1 1
1550703600 1 1 1 1
1550703300 1 1 1 1
1550703000 1 1 1 1
1550702700 1 1 1 1
1550702400 1 1 1 1
1550702100 1 1 1 1
1550701800 1 1 1 1
1550701500 1 1 1 1
1550701200 1 1 1 1
1550700900 1 1 1 1
1550700600 1 1 1 1
1550700300 1 1 1 1
1550700000 1 1 1 1
1550699700 1 1 1 1
1550699400 1 1 1 1
1550699100 1 1 1 1
1550698800 1 1 1 1
1550698500 1 1 1 1
1550698200 1 1 1 1
1550697900 1 1 1 1
1550697600 1 1 1 1
1550697300 1 1 1 1
1550697000 1 1 1 1
1550696700 1 1 1 1
1550696400 1 1 1 1
1550696100 1 1 1 1
1550695800 1 1 1 1
1550695500 1 1 1 1
1550695200 1 1 1 1
1550694900 1 1 1 1
1550694600 1 1 1 1
1550694300 1 1 1 1
1550694000 1 1 1 1
1550693700 1 1 1 1
1550693400 1 1 1 1
1550693100 1 1 1 1
1550692800 1 1 1 1
1550692500 1 1 1 1
1550692200 1 1 1 1
1550691900 1 1 1 1
1550691600 1 1 1 1
1550691300 1 1 1 1
1550691000 1 1 1 1
1550690700 1 1 1 1
1550690400 1 1 1 1
1550690100 1 1 1 1
1550689800 1 1 1 1
1550689500 1 1 1 1
1550689200 1 1 1 1
1550688900 1 1 1 1
1550688600 1 1 1 1
1550688300 1 1 1 1
1550688000 1 1 1 1
1550687700 1 1 1 1
1550687400 1 1 1 1
1550687100 1 1 1 1
1550686800 1 1 1 1
1550686500 1 1 1 1
1550686200 1 1 1 1
1550685900 1 1 1 1
1550685600 1 1 1 1
1550685300 1 1 1 1
1550685000 1 1 1 1
1550684700 1 1 1 1
1550684400 1 1 1 1
1550684100 1 1 1 1
1550683800 1 1 1 1
1550683500 1 1 1 1
1550683200 1 1 1 1
1550682900 1 1 1 1
1550682600 1 1 1 1
1550682300 1 1 1 1
1550682000 1 1 1 1
1550681700 1 1 1 1
1550681400 1 1 1 1
1550681100 1 1 1 1
1550680800 1 1 1 1
1550680500 1 1 1 1
1550680200 1 1 1 1
1550679900 1 1 1 1
1550679600 1 1 1 1
1550679300 1 1 1 1
1550679000 1 1 1 1
1550678700 1 1 1 1
1550678400 1 1 1 1
1550678100 1 1 1 1
1550677800 1 1 1 1
1550677500 1 1 1 1
1550677200 1 1 1 1
1550676900 1 1 1 1
1550676600 1 1 1 1
1550676300 1 1 1 1
1550676000 1 1 1 1
1550675700 1 1 1 1
1550675400 1 1 1 1
1550675100 1 1 1 1
1550674800 1 1 1 1
1550674500 1 1 1 1
1550674200 1 1 1 1
1550673900 1 1 1 1
1550673600 1 1 1 1
1550673300 1 1 1 1
1550673000 1 1 1 1
1550672700 1 1 1 1
1550672400 1 1 1 1
1550672100 1 1 1 1
1550671800 1 1 1 1
1550671500 1 1 1 1
1550671200 1 1 1 1
1550670900 1 1 1 1
1550670600 1 1 1 1
1550670300 1 1 1 1
1550670000 1 1 1 1
1550669700 1 1 1 1
1550669400 1 1 1 1
1550669100 1 1 1 1
1550668800 1 1 1 1
1550668500 1 1 1 1
1550668200 1 1 1 1
1550667900 1 1 1 1
1550667600 1 1 1 1
1550667300 1 1 1 1
1550667000 1 1 1 1
1550666700 1 1 1 1
1550666400 1 1 1 1
1550666100 1 1 1 1
1550665800 1 1 1 1
1550665500 1 1 1 1
1550665200 1 1 1 1
1550664900 1 1 1 1
1550664600 1 1 1 1
1550664300 1 1 1 1
1550664000 1 1 1 1
1550663700 1 1 1 1
1550663400 1 1 1 1
1550663100 1 1 1 1
1550662800 1 1 1 1
1550662500 1 1 1 1
1550662200 1 1 1 1
1550661900 1 1 1 1
1550661600 1 1 1 1
1550661300 1 1 1 1
1550661000 1 1 1 1
1550660700 1 1 1 1
1550660400 1 1 1 1
1550660100 1 1 1 1
1550659800 1 1 1 1
1550659500 1 1 1 1
1550659200 1 1 1 1
1550658900 1 1 1 1
1550658600 1 1 1 1
1550658300 1 1 1 1
1550658000 1 1 1 1
1550657700 1 1 1 1
1550657400 1 1 1 1
1550657100 1 1 1 1
1550656800 1 1 1 1
1550656500 1 1 1 1
1550656200 1 1 1 1
1550655900 1 1 1 1
1550655600 1 1 1 1
1550655300 1 1 1 1
1550655000 1 1 1 1
1550654700 1 1 1 1
1550654400 1 1 1 1
1550654100 1 1 1 1
1550653800 1 1 1 1
1550653500 1 1 1 1
1550653200 1 1 1 1
1550652900 1 1 1 1
1550652600 1 1 1 1
1550652300 1 1 1 1
1550652000 1 1 1 1
1550651700 1 1 1 1
1550651400 1 1 1 1
1550651100 1 1 1 1
1550650800 1 1 1 1
1550650500 1 1 1 1
1550650200 1 1 1 1
1550649900 1 1 1 1
1550649600 1 1 1 1
1550649300 1 1 1 1
1550649000 1 1 1 1
1550648700 1 1 1 1
1550648400 1 1 1 1
1550648100 1 1 1 1
1550647800 1 1 1 1
1550647500 1 1 1 1
1550647200 1 1 1 1
1550646900 1 1 1 1
1550646600 1 1 1 1
1550646300 1 1 1 1
1550646000 1 1 1 1
1550645700 1 1 1 1
1550645400 1 1 1 1
1550645100 1 1 1 1
1550644800 1 1 1 1
1550644500 1 1 1 1
1550644200 1 1 1 1
1550643900 1 1 1 1
1550643600 1 1 1 1
1550643300 1 1 1 1
1550643000 1 1 1 1
1550642700 1 1 1 1
1550642400 1 1 1 1
1550642100 1 1 1 1
1550641800 1 1 1 1
1550641500 1 1 1 1
1550641200 1 1 1 1
1550640900 1 1 1 1
1550640600 1 1 1 1
1550640300 1 1 1 1
1550640000 1 1 1 1
1550639700 1 1 1 1
1550639400 1 1 1 1
1550639100 1 1 1 1
1550638800 1 1 1 1
1550638500 1 1 1 1
1550638200 1 1 1 1
1550637900 1 1 1 1
1550637600 1 1 1 1
1550637300 1 1 1 1
1550637000 1 1 1 1
1550636700 1 1 1 1
1550636400 1 1 1 1
1550636100 1 1 1 1
1550635800 1 1 1 1
1550635500 1 1 1 1
1550635200 1 1 1 1
1550634900 1 1 1 1
1550634600 1 1 1 1
1550634300 1 1 1 1
1550634000 1 1 1 1
1550633700 1 1 1 1
1550633400 1 1 1 1
1550633100 1 1 1 1
1550632800 1 1 1 1
1550632500 1 1 1 1
1550632200 1 1 1 1
1550631900 1 1 1 1
1550631600 1 1 1 1
1550631300 1 1 1 1
1550631000 1 1 1 1
1550630700 1 1 1 1
1550630400 1 1 1 1
1550630100 1 1 1 1
1550629800 1 1 1 1
1550629500 1 1 1 1
1550629200 1 1 1 1
1550628900 1 1 1 1
1550628600 1 1 1 1
1550628300 1 1 1 1
1550628000 1 1 1 1
1550627700 1 1 1 1
1550627400 1 1 1 1
1550627100 1 1 1 1
1550626800 1 1 1 1
1550626500 1 1 1 1
1550626200 1 1 1 1
1550625900 1 1 1 1
1550625600 1 1 1 1
1550625300 1 1 1 1
1550625000 1 1 1 1
1550624700 1 1 1 1
1550624400 1 1 1 1
1550624100 1 1 1 1
1550623800 1 1 1 1
1550623500 1 1 1 1
1550623200 1 1 1 1
1550622900 1 1 1 1
1550622600 1 1 1 1
1550622300 1 1 1 1
1550622000 1 1 1 1
1550621700 1 1 1 1
1550621400 1 1 1 1
1550621100 1 1 1 1
1550620800 1 1 1 1
1550620500 1 1 1 1
1550620200 1 1 1 1
1550619900 1 1 1 1
1550619600 1 1 1 1
1550619300 1 1 1 1
1550619000 1 1 1 1
1550618700 1 1 1 1
1550618400 1 1 1 1
1550618100 1 1 1 1
1550617800 1 1 1 1
1550617500 1 1 1 1
1550617200 1 1 1 1
1550616900 1 1 1 1
1550616600 1 1 1 1
1550616300 1 1 1 1
1550616000 1 1 1 1
1550615700 1 1 1 1
1550615400 1 1 1 1
1550615100 1 1 1 1
1550614800 1 1 1 1
1550614500 1 1 1 1
1550614200 1 1 1 1
1550613900 1 1 1 1
1550613600 1 1 1 1
1550613300 1 1 1 1
1550613000 1 1 1 1
1550612700 1 1 1 1
1550612400 1 1 1 1
1550612100 1 1 1 1
1550611800 1 1 1 1
1550611500 1 1 1 1
1550611200 1 1 1 1
1550610900 1 1 1 1
1550610600 1 1 1 1
1550610300 1 1 1 1
1550610000 1 1 1 1
1550609700 1 1 1 1
1550609400 1 1 1 1
1550609100 1 1 1 1
1550608800 1 1 1 1
1550608500 1 1 1 1
1550608200 1 1 1 1
1550607900 1 1 1 1
1550607600 1 1 1 1
1550607300 1 1 1 1
1550607000 1 1 1 1
1550606700 1 1 1 1
1550606400 1 1 1 1
1550606100 1 1 1 1
1550605800 1 1 1 1
1550605500 1 1 1 1
1550605200 1 1 1 1
1550604900 1 1 1 1
1550604600 1 1 1 1
1550604300 1 1 1 1
1550604000 1 1 1 1
1550603700 1 1 1 1
1550603400 1 1 1 1
1550603100 1 1 1 1
1550602800 1 1 1 1
1550602500 1 1 1 1
1550602200 1 1 1 1
1550601900 1 1 1 1
1550601600 1 1 1 1
1550601300 1 1 1 1
1550601000 1 1 1 1
1550600700 1 1 1 1
1550600400 1 1 1 1
1550600100 1 1 1 1
1550599800 1 1 1 1
1550599500 1 1 1 1
1550599200 1 1 1 1
1550598900 1 1 1 1
1550598600 1 1 1 1
1550598300 1 1 1 1
1550598000 1 1 1 1
1550597700 1 1 1 1
1550597400 1 1 1 1
1550597100 1 1 1 1
1550596800 1 1 1 1
1550596500 1 1 1 1
1550596200 1 1 1 1
1550595900 1 1 1 1
1550595600 1 1 1 1
1550595300 1 1 1 1
1550595000 1 1 1 1
1550594700 1 1 1 1
1550594400 1 1 1 1
1550594100 1 1 1 1
1550593800 1 1 1 1
1550593500 1 1 1 1
1550593200 1 1 1 1
1550592900 1 1 1 1
1550592600 1 1 1 1
1550592300 1 1 1 1
1550592000 1 1 1 1
1550591700 1 1 1 1
1550591400 1 1 1 1
1550591100 1 1 1 1
1550590800 1 1 1 1
1550590500 1 1 1 1
1550590200 1 1 1 1
1550589900 1 1 1 1
1550589600 1 1 1 1
1550589300 1 1 1 1
1550589000 1 1 1 1
1550588700 1 1 1 1
1550588400 1 1 1 1
1550588100 1 1 1 1
1550587800 1 1 1 1
1550587500 1 1 1 1
1550587200 1 1 1 1
1550586900 1 1 1 1
1550586600 1 1 1 1
1550586300 1 1 1 1
1550586000 1 1 1 1
1550585700 1 1 1 1
1550585400 1 1 1 1
1550585100 1 1 1 1
1550584800 1 1 1 1
1550584500 1 1 1 1
1550584200 1 1 1 1
1550583900 1 1 1 1
1550583600 1 1 1 1
1550583300 1 1 1 1
1550583000 1 1 1 1
1550582700 1 1 1 1
1550582400 1 1 1 1
1550582100 1 1 1 1
1550581800 1 1 1 1
1550581500 1 1 1 1
1550581200 1 1 1 1
1550580900 1 1 1 1
1550580600 1 1 1 1
1550580300 1 1 1 1
1550580000 1 1 1 1
1550579700 1 1 1 1
1550579400 1 1 1 1
1550579100 1 1 1 1
1550578800 1 1 1 1
1550578500 1 1 1 1
1550578200 1 1 1 1
1550577900 1 1 1 1
1550577600 1 1 1 1
1550577300 1 1 1 1
1550577000 1 1 1 1
1550576700 1 1 1 1
1550576400 1 1 1 1
1550576100 1 1 1 1
1550575800 1 1 1 1
1550575500 1 1 1 1
1550575200 1 1 1 1
1550574900 1 1 1 1
1550574000 1 1 1 1
1550572200 1 1 1 1
1550570400 1 1 1 1
1550568600 1 1 1 1
1550566800 1 1 1 1
1550565000 1 1 1 1
1550563200 1 1 1 1
1550561400 1 1 1 1
1550559600 1 1 1 1
1550557800 1 1 1 1
1550556000 1 1 1 1
1550554200 1 1 1 1
1550552400 1 1 1 1
1550550600 1 1 1 1
1550548800 1 1 1 1
1550547000 1 1 1 1
1550545200 1 1 1 1
1550543400 1 1 1 1
1550541600 1 1 1 1
1550539800 1 1 1 1
1550538000 1 1 1 1
1550536200 1 1 1 1
1550534400 1 1 1 1
1550532600 1 1 1 1
1550530800 1 1 1 1
1550529000 1 1 1 1
1550527200 1 1 1 1
1550525400 1 1 1 1
1550523600 1 1 1 1
1550521800 1 1 1 1
1550520000 1 1 1 1
1550518200 1 1 1 1
1550516400 1 1 1 1
1550514600 1 1 1 1
1550512800 1 1 1 1
1550511000 1 1 1 1
1550509200 1 1 1 1
1550507400 1 1 1 1
1550505600 1 1 1 1
1550503800 1 1 1 1
1550502000 1 1 1 1
1550500200 1 1 1 1
1550498400 1 1 1 1
1550496600 1 1 1 1
1550494800 1 1 1 1
1550493000 1 1 1 1
1550491200 1 1 1 1
1550489400 1 1 1 1
1550487600 1 1 1 1
1550485800 1 1 1 1
1550484000 1 1 1 1
1550482200 1 1 1 1
1550480400 1 1 1 1
1550478600 1 1 1 1
1550476800 1 1 1 1
1550475000 1 1 1 1
1550473200 1 1 1 1
1550471400 1 1 1 1
1550469600 1 1 1 1
1550467800 1 1 1 1
1550466000 1 1 1 1
1550464200 1 1 1 1
1550462400 1 1 1 1
1550460600 1 1 1 1
1550458800 1 1 1 1
1550457000 1 1 1 1
1550455200 1 1 1 1
1550453400 1 1 1 1
1550451600 1 1 1 1
1550449800 1 1 1 1
1550448000 1 1 1 1
1550446200 1 1 1 1
1550444400 1 1 1 1
1550442600 1 1 1 1
1550440800 1 1 1 1
1550439000 1 1 1 1
1550437200 1 1 1 1
1550435400 1 1 1 1
1550433600 1 1 1 1
1550431800 1 1 1 1
1550430000 1 1 1 1
1550428200 1 1 1 1
1550426400 1 1 1 1
1550424600 1 1 1 1
1550422800 1 1 1 1
1550421000 1 1 1 1
1550419200 1 1 1 1
1550417400 1 1 1 1
1550415600 1 1 1 1
1550413800 1 1 1 1
1550412000 1 1 1 1
1550410200 1 1 1 1
1550408400 1 1 1 1
1550406600 1 1 1 1
1550404800 1 1 1 1
1550403000 1 1 1 1
1550401200 1 1 1 1
1550399400 1 1 1 1
1550397600 1 1 1 1
1550395800 1 1 1 1
1550394000 1 1 1 1
1550392200 1 1 1 1
1550390400 1 1 1 1
1550388600 1 1 1 1
1550386800 1 1 1 1
1550385000 1 1 1 1
1550383200 1 1 1 1
1550381400 1 1 1 1
1550379600 1 1 1 1
1550377800 1 1 1 1
1550376000 1 1 1 1
1550374200 1 1 1 1
1550372400 1 1 1 1
1550370600 1 1 1 1
1550368800 1 1 1 1
1550367000 1 1 1 1
1550365200 1 1 1 1
1550363400 1 1 1 1
1550361600 1 1 1 1
1550359800 1 1 1 1
1550358000 1 1 1 1
1550356200 1 1 1 1
1550354400 1 1 1 1
1550352600 1 1 1 1
1550350800 1 1 1 1
1550349000 1 1 1 1
1550347200 1 1 1 1
1550345400 1 1 1 1
1550343600 1 1 1 1
1550341800 1 1 1 1
1550340000 1 1 1 1
1550338200 1 1 1 1
1550336400 1 1 1 1
1550334600 1 1 1 1
1550332800 1 1 1 1
1550331000 1 1 1 1
1550329200 1 1 1 1
1550327400 1 1 1 1
1550325600 1 1 1 1
1550323800 1 1 1 1
1550322000 1 1 1 1
1550320200 1 1 1 1
1550318400 1 1 1 1
1550316600 1 1 1 1
1550314800 1 1 1 1
1550313000 1 1 1 1
1550311200 1 1 1 1
1550309400 1 1 1 1
1550307600 1 1 1 1
1550305800 1 1 1 1
1550304000 1 1 1 1
1550302200 1 1 1 1
1550300400 1 1 1 1
1550298600 1 1 1 1
1550296800 1 1 1 1
1550295000 1 1 1 1
1550293200 1 1 1 1
1550291400 1 1 1 1
1550289600 1 1 1 1
1550287800 1 1 1 1
1550286000 1 1 1 1
1550284200 1 1 1 1
1550282400 1 1 1 1
1550280600 1 1 1 1
1550278800 1 1 1 1
1550277000 1 1 1 1
1550275200 1 1 1 1
1550273400 1 1 1 1
1550271600 1 1 1 1
1550269800 1 1 1 1
1550268000 1 1 1 1
1550266200 1 1 1 1
1550264400 1 1 1 1
1550262600 1 1 1 1
1550260800 1 1 1 1
1550259000 1 1 1 1
1550257200 1 1 1 1
1550255400 1 1 1 1
1550253600 1 1 1 1
1550251800 1 1 1 1
1550250000 1 1 1 1
1550248200 1 1 1 1
1550246400 1 1 1 1
1550244600 1 1 1 1
1550242800 1 1 1 1
1550241000 1 1 1 1
1550239200 1 1 1 1
1550237400 1 1 1 1
1550235600 1 1 1 1
1550233800 1 1 1 1
1550232000 1 1 1 1
1550230200 1 1 1 1
1550228400 1 1 1 1
1550226600 1 1 1 1
1550224800 1 1 1 1
1550223000 1 1 1 1
1550221200 1 1 1 1
1550219400 1 1 1 1
1550217600 1 1 1 1
1550215800 1 1 1 1
1550214000 1 1 1 1
1550212200 1 1 1 1
1550210400 1 1 1 1
1550208600 1 1 1 1
1550206800 1 1 1 1
1550205000 1 1 1 1
1550203200 1 1 1 1
1550201400 1 1 1 1
1550199600 1 1 1 1
1550197800 1 1 1 1
1550196000 1 1 1 1
1550194200 1 1 1 1
1550192400 1 1 1 1
1550190600 1 1 1 1
1550188800 1 1 1 1
1550187000 1 1 1 1
1550185200 1 1 1 1
1550183400 1 1 1 1
1550181600 1 1 1 1
1550179800 1 1 1 1
1550178000 1 1 1 1
1550176200 1 1 1 1
1550174400 1 1 1 1
1550172600 1 1 1 1
1550170800 1 1 1 1
1550169000 1 1 1 1
1550167200 1 1 1 1
1550165400 1 1 1 1
1550163600 1 1 1 1
1550161800 1 1 1 1
1550160000 1 1 1 1
1550158200 1 1 1 1
1550156400 1 1 1 1
1550154600 1 1 1 1
1550152800 1 1 1 1
1550151000 1 1 1 1
1550149200 1 1 1 1
1550147400 1 1 1 1
1550145600 1 1 1 1
1550143800 1 1 1 1
1550142000 1 1 1 1
1550140200 1 1 1 1
1550138400 1 1 1 1
1550136600 1 1 1 1
1550134800 1 1 1 1
1550133000 1 1 1 1
1550131200 1 1 1 1
1550129400 1 1 1 1
1550127600 1 1 1 1
1550125800 1 1 1 1
1550124000 1 1 1 1
1550122200 1 1 1 1
1550120400 1 1 1 1
1550118600 1 1 1 1
1550116800 1 1 1 1
1550115000 1 1 1 1
1550113200 1 1 1 1
1550111400 1 1 1 1
1550109600 1 1 1 1
1550107800 1 1 1 1
1550106000 1 1 1 1
1550104200 1 1 1 1
1550102400 1 1 1 1
1550100600 1 1 1 1
1550098800 1 1 1 1
1550097000 1 1 1 1
1550095200 1 1 1 1
1550093400 1 1 1 1
1550091600 1 1 1 1
1550089800 1 1 1 1
1550088000 1 1 1 1
1550086200 1 1 1 1
1550084400 1 1 1 1
1550082600 1 1 1 1
1550080800 1 1 1 1
1550079000 1 1 1 1
1550077200 1 1 1 1
1550075400 1 1 1 1
1550073600 1 1 1 1
1550071800 1 1 1 1
1550070000 1 1 1 1
1550068200 1 1 1 1
1550066400 1 1 1 1
1550064600 1 1 1 1
1550062800 1 1 1 1
1550061000 1 1 1 1
1550059200 1 1 1 1
1550057400 1 1 1 1
1550055600 1 1 1 1
1550053800 1 1 1 1
1550052000 1 1 1 1
1550050200 1 1 1 1
1550048400 1 1 1 1
1550046600 1 1 1 1
1550044800 1 1 1 1
1550043000 1 1 1 1
1550041200 1 1 1 1
1550039400 1 1 1 1
1550037600 1 1 1 1
1550035800 1 1 1 1
1550034000 1 1 1 1
1550032200 1 1 1 1
1550030400 1 1 1 1
1550028600 1 1 1 1
1550026800 1 1 1 1
1550025000 1 1 1 1
1550023200 1 1 1 1
1550021400 1 1 1 1
1550019600 1 1 1 1
1550017800 1 1 1 1
1550016000 1 1 1 1
1550014200 1 1 1 1
1550012400 1 1 1 1
1550010600 1 1 1 1
1550008800 1 1 1 1
1550007000 1 1 1 1
1550005200 1 1 1 1
1550003400 1 1 1 1
1550001600 1 1 1 1
1549999800 1 1 1 1
1549998000 1 1 1 1
1549996200 1 1 1 1
1549994400 1 1 1 1
1549992600 1 1 1 1
1549990800 1 1 1 1
1549989000 1 1 1 1
1549987200 1 1 1 1
1549985400 1 1 1 1
1549983600 1 1 1 1
1549981800 1 1 1 1
1549980000 1 1 1 1
1549978200 1 1 1 1
1549976400 1 1 1 1
1549974600 1 1 1 1
1549972800 1 1 1 1
1549971000 1 1 1 1
1549969200 1 1 1 1
1549967400 1 1 1 1
1549965600 1 1 1 1
1549963800 1 1 1 1
1549962000 1 1 1 1
1549960200 1 1 1 1
1549958400 1 1 1 1
1549956600 1 1 1 1
1549954800 1 1 1 1
1549953000 1 1 1 1
1549951200 1 1 1 1
1549949400 1 1 1 1
1549947600 1 1 1 1
1549945800 1 1 1 1
1549944000 1 1 1 1
1549942200 1 1 1 1
1549940400 1 1 1 1
1549938600 1 1 1 1
1549936800 1 1 1 1
1549935000 1 1 1 1
1549933200 1 1 1 1
1549931400 1 1 1 1
1549929600 1 1 1 1
1549927800 1 1 1 1
1549926000 1 1 1 1
1549924200 1 1 1 1
1549922400 1 1 1 1
1549920600 1 1 1 1
1549918800 1 1 1 1
1549917000 1 1 1 1
1549915200 1 1 1 1
1549913400 1 1 1 1
1549911600 1 1 1 1
1549909800 1 1 1 1
1549908000 1 1 1 1
1549906200 1 1 1 1
1549904400 1 1 1 1
1549902600 1 1 1 1
1549900800 1 1 1 1
1549899000 1 1 1 1
1549897200 1 1 1 1
1549895400 1 1 1 1
1549893600 1 1 1 1
1549891800 1 1 1 1
1549890000 1 1 1 1
1549888200 1 1 1 1
1549886400 1 1 1 1
1549884600 1 1 1 1
1549882800 1 1 1 1
1549881000 1 1 1 1
1549879200 1 1 1 1
1549877400 1 1 1 1
1549875600 1 1 1 1
1549873800 1 1 1 1
1549872000 1 1 1 1
1549870200 1 1 1 1
1549868400 1 1 1 1
1549866600 1 1 1 1
1549864800 1 1 1 1
1549863000 1 1 1 1
1549861200 1 1 1 1
1549859400 1 1 1 1
1549857600 1 1 1 1
1549855800 1 1 1 1
1549854000 1 1 1 1
1549852200 1 1 1 1
1549850400 1 1 1 1
1549848600 1 1 1 1
1549846800 1 1 1 1
1549845000 1 1 1 1
1549843200 1 1 1 1
1549841400 1 1 1 1
1549839600 1 1 1 1
1549837800 1 1 1 1
1549836000 1 1 1 1
1549834200 1 1 1 1
1549832400 1 1 1 1
1549830600 1 1 1 1
1549828800 1 1 1 1
1549827000 1 1 1 1
1549825200 1 1 1 1
1549823400 1 1 1 1
1549821600 1 1 1 1
1549819800 1 1 1 1
1549818000 1 1 1 1
1549816200 1 1 1 1
1549814400 1 1 1 1
1549812600 1 1 1 1
1549810800 1 1 1 1
1549809000 1 1 1 1
1549807200 1 1 1 1
1549805400 1 1 1 1
1549803600 1 1 1 1
1549801800 1 1 1 1
1549800000 1 1 1 1
1549798200 1 1 1 1
1549796400 1 1 1 1
1549794600 1 1 1 1
1549792800 1 1 1 1
1549791000 1 1 1 1
1549789200 1 1 1 1
1549787400 1 1 1 1
1549785600 1 1 1 1
1549783800 1 1 1 1
1549782000 1 1 1 1
1549780200 1 1 1 1
1549778400 1 1 1 1
1549776600 1 1 1 1
1549774800 1 1 1 1
1549773000 1 1 1 1
1549771200 1 1 1 1
1549769400 1 1 1 1
1549767600 1 1 1 1
1549765800 1 1 1 1
1549764000 1 1 1 1
1549762200 1 1 1 1
1549760400 1 1 1 1
1549758600 1 1 1 1
1549756800 1 1 1 1
1549755000 1 1 1 1
1549753200 1 1 1 1
1549751400 1 1 1 1
1549749600 1 1 1 1
1549747800 1 1 1 1
1549746000 1 1 1 1
1549744200 1 1 1 1
1549742400 1 1 1 1
1549740600 1 1 1 1
1549738800 1 1 1 1
1549737000 1 1 1 1
1549735200 1 1 1 1
1549733400 1 1 1 1
1549731600 1 1 1 1
1549729800 1 1 1 1
1549728000 1 1 1 1
1549726200 1 1 1 1
1549724400 1 1 1 1
1549722600 1 1 1 1
1549720800 1 1 1 1
1549719000 1 1 1 1
1549717200 1 1 1 1
1549715400 1 1 1 1
1549713600 1 1 1 1
1549711800 1 1 1 1
1549710000 1 1 1 1
1549708200 1 1 1 1
1549706400 1 1 1 1
1549704600 1 1 1 1
1549702800 1 1 1 1
1549701000 1 1 1 1
1549699200 1 1 1 1
1549697400 1 1 1 1
1549695600 1 1 1 1
1549693800 1 1 1 1
1549692000 1 1 1 1
1549690200 1 1 1 1
1549688400 1 1 1 1
1549686600 1 1 1 1
1549684800 1 1 1 1
1549683000 1 1 1 1
1549681200 1 1 1 1
1549679400 1 1 1 1
1549677600 1 1 1 1
1549675800 1 1 1 1
1549674000 1 1 1 1
1549672200 1 1 1 1
1549670400 1 1 1 1
1549668600 1 1 1 1
1549666800 1 1 1 1
1549665000 1 1 1 1
1549663200 1 1 1 1
1549661400 1 1 1 1
1549659600 1 1 1 1
1549657800 1 1 1 1
1549656000 1 1 1 1
1549654200 1 1 1 1
1549652400 1 1 1 1
1549650600 1 1 1 1
1549648800 1 1 1 1
1549647000 1 1 1 1
1549645200 1 1 1 1
1549643400 1 1 1 1
1549641600 1 1 1 1
1549639800 1 1 1 1
1549638000 1 1 1 1
1549636200 1 1 1 1
1549634400 1 1 1 1
1549632600 1 1 1 1
1549630800 1 1 1 1
1549629000 1 1 1 1
1549627200 1 1 1 1
1549625400 1 1 1 1
1549623600 1 1 1 1
1549621800 1 1 1 1
1549620000 1 1 1 1
1549618200 1 1 1 1
1549616400 1 1 1 1
1549614600 1 1 1 1
1549612800 1 1 1 1
1549611000 1 1 1 1
1549609200 1 1 1 1
1549607400 1 1 1 1
1549605600 1 1 1 1
1549603800 1 1 1 1
1549602000 1 1 1 1
1549600200 1 1 1 1
1549598400 1 1 1 1
1549596600 1 1 1 1
1549594800 1 1 1 1
1549593000 1 1 1 1
1549591200 1 1 1 1
1549589400 1 1 1 1
1549587600 1 1 1 1
1549585800 1 1 1 1
1549584000 1 1 1 1
1549582200 1 1 1 1
1549580400 1 1 1 1
1549578600 1 1 1 1
1549576800 1 1 1 1
1549575000 1 1 1 1
1549573200 1 1 1 1
1549571400 1 1 1 1
1549569600 1 1 1 1
1549567800 1 1 1 1
1549566000 1 1 1 1
1549564200 1 1 1 1
1549562400 1 1 1 1
1549560600 1 1 1 1
1549558800 1 1 1 1
1549557000 1 1 1 1
1549555200 1 1 1 1
1549553400 1 1 1 1
1549551600 1 1 1 1
1549549800 1 1 1 1
1549548000 1 1 1 1
1549546200 1 1 1 1
1549544400 1 1 1 1
1549542600 1 1 1 1
1549540800 1 1 1 1
1549539000 1 1 1 1
1549537200 1 1 1 1
1549535400 1 1 1 1
1549533600 1 1 1 1
1549531800 1 1 1 1
1549530000 1 1 1 1
1549528200 1 1 1 1
1549526400 1 1 1 1
1549524600 1 1 1 1
1549522800 1 1 1 1
1549521000 1 1 1 1
1549519200 1 1 1 1
1549517400 1 1 1 1
1549515600 1 1 1 1
1549513800 1 1 1 1
1549512000 1 1 1 1
1549510200 1 1 1 1
1549508400 1 1 1 1
1549506600 1 1 1 1
1549504800 1 1 1 1
1549503000 1 1 1 1
1549501200 1 1 1 1
1549499400 1 1 1 1
1549497600 1 1 1 1
1549495800 1 1 1 1
1549494000 1 1 1 1
1549490400 1 1 1 1
1549483200 1 1 1 1
1549476000 1 1 1 1
1549468800 1 1 1 1
1549461600 1 1 1 1
1549454400 1 1 1 1
1549447200 1 1 1 1
1549440000 1 1 1 1
1549432800 1 1 1 1
1549425600 1 1 1 1
1549418400 1 1 1 1
1549411200 1 1 1 1
1549404000 1 1 1 1
1549396800 1 1 1 1
1549389600 1 1 1 1
1549382400 1 1 1 1
1549375200 1 1 1 1
1549368000 1 1 1 1
1549360800 1 1 1 1
1549353600 1 1 1 1
1549346400 1 1 1 1
1549339200 1 1 1 1
1549332000 1 1 1 1
1549324800 1 1 1 1
1549317600 1 1 1 1
1549310400 1 1 1 1
1549303200 1 1 1 1
1549296000 1 1 1 1
1549288800 1 1 1 1
1549281600 1 1 1 1
1549274400 1 1 1 1
1549267200 1 1 1 1
1549260000 1 1 1 1
1549252800 1 1 1 1
1549245600 1 1 1 1
1549238400 1 1 1 1
1549231200 1 1 1 1
1549224000 1 1 1 1
1549216800 1 1 1 1
1549209600 1 1 1 1
1549202400 1 1 1 1
1549195200 1 1 1 1
1549188000 1 1 1 1
1549180800 1 1 1 1
1549173600 1 1 1 1
1549166400 1 1 1 1
1549159200 1 1 1 1
1549152000 1 1 1 1
1549144800 1 1 1 1
1549137600 1 1 1 1
1549130400 1 1 1 1
1549123200 1 1 1 1
1549116000 1 1 1 1
1549108800 1 1 1 1
1549101600 1 1 1 1
1549094400 1 1 1 1
1549087200 1 1 1 1
1549080000 1 1 1 1
1549072800 1 1 1 1
1549065600 1 1 1 1
1549058400 1 1 1 1
1549051200 1 1 1 1
1549044000 1 1 1 1
1549036800 1 1 1 1
1549029600 1 1 1 1
1549022400 1 1 1 1
1549015200 1 1 1 1
1549008000 1 1 1 1
1549000800 1 1 1 1
1548993600 1 1 1 1
1548986400 1 1 1 1
1548979200 1 1 1 1
1548972000 1 1 1 1
1548964800 1 1 1 1
1548957600 1 1 1 1
1548950400 1 1 1 1
1548943200 1 1 1 1
1548936000 1 1 1 1
1548928800 1 1 1 1
1548921600 1 1 1 1
1548914400 1 1 1 1
1548907200 1 1 1 1
1548900000 1 1 1 1
1548892800 1 1 1 1
1548885600 1 1 1 1
1548878400 1 1 1 1
1548871200 1 1 1 1
1548864000 1 1 1 1
1548856800 1 1 1 1
1548849600 1 1 1 1
1548842400 1 1 1 1
1548835200 1 1 1 1
1548828000 1 1 1 1
1548820800 1 1 1 1
1548813600 1 1 1 1
1548806400 1 1 1 1
1548799200 1 1 1 1
1548792000 1 1 1 1
1548784800 1 1 1 1
1548777600 1 1 1 1
1548770400 1 1 1 1
1548763200 1 1 1 1
1548756000 1 1 1 1
1548748800 1 1 1 1
1548741600 1 1 1 1
1548734400 1 1 1 1
1548727200 1 1 1 1
1548720000 1 1 1 1
1548712800 1 1 1 1
1548705600 1 1 1 1
1548698400 1 1 1 1
1548691200 1 1 1 1
1548684000 1 1 1 1
1548676800 1 1 1 1
1548669600 1 1 1 1
1548662400 1 1 1 1
1548655200 1 1 1 1
1548648000 1 1 1 1
1548640800 1 1 1 1
1548633600 1 1 1 1
1548626400 1 1 1 1
1548619200 1 1 1 1
1548612000 1 1 1 1
1548604800 1 1 1 1
1548597600 1 1 1 1
1548590400 1 1 1 1
1548583200 1 1 1 1
1548576000 1 1 1 1
1548568800 1 1 1 1
1548561600 1 1 1 1
1548554400 1 1 1 1
1548547200 1 1 1 1
1548540000 1 1 1 1
1548532800 1 1 1 1
1548525600 1 1 1 1
1548518400 1 1 1 1
1548511200 1 1 1 1
1548504000 1 1 1 1
1548496800 1 1 1 1
1548489600 1 1 1 1
1548482400 1 1 1 1
1548475200 1 1 1 1
1548468000 1 1 1 1
1548460800 1 1 1 1
1548453600 1 1 1 1
1548446400 1 1 1 1
1548439200 1 1 1 1
1548432000 1 1 1 1
1548424800 1 1 1 1
1548417600 1 1 1 1
1548410400 1 1 1 1
1548403200 1 1 1 1
1548396000 1 1 1 1
1548388800 1 1 1 1
1548381600 1 1 1 1
1548374400 1 1 1 1
1548367200 1 1 1 1
1548360000 1 1 1 1
1548352800 1 1 1 1
1548345600 1 1 1 1
1548338400 1 1 1 1
1548331200 1 1 1 1
1548324000 1 1 1 1
1548316800 1 1 1 1
1548309600 1 1 1 1
1548302400 1 1 1 1
1548295200 1 1 1 1
1548288000 1 1 1 1
1548280800 1 1 1 1
1548273600 1 1 1 1
1548266400 1 1 1 1
1548259200 1 1 1 1
1548252000 1 1 1 1
1548244800 1 1 1 1
1548237600 1 1 1 1
1548230400 1 1 1 1
1548223200 1 1 1 1
1548216000 1 1 1 1
1548208800 1 1 1 1
1548201600 1 1 1 1
1548194400 1 1 1 1
1548187200 1 1 1 1
1548180000 1 1 1 1
1548172800 1 1 1 1
1548165600 1 1 1 1
1548158400 1 1 1 1
1548151200 1 1 1 1
1548144000 1 1 1 1
1548136800 1 1 1 1
1548129600 1 1 1 1
1548122400 1 1 1 1
1548115200 1 1 1 1
1548108000 1 1 1 1
1548100800 1 1 1 1
1548093600 1 1 1 1
1548086400 1 1 1 1
1548079200 1 1 1 1
1548072000 1 1 1 1
1548064800 1 1 1 1
1548057600 1 1 1 1
1548050400 1 1 1 1
1548043200 1 1 1 1
1548036000 1 1 1 1
1548028800 1 1 1 1
1548021600 1 1 1 1
1548014400 1 1 1 1
1548007200 1 1 1 1
1548000000 1 1 1 1
1547992800 1 1 1 1
1547985600 1 1 1 1
1547978400 1 1 1 1
1547971200 1 1 1 1
1547964000 1 1 1 1
1547956800 1 1 1 1
1547949600 1 1 1 1
1547942400 1 1 1 1
1547935200 1 1 1 1
1547928000 1 1 1 1
1547920800 1 1 1 1
1547913600 1 1 1 1
1547906400 1 1 1 1
1547899200 1 1 1 1
1547892000 1 1 1 1
1547884800 1 1 1 1
1547877600 1 1 1 1
1547870400 1 1 1 1
1547863200 1 1 1 1
1547856000 1 1 1 1
1547848800 1 1 1 1
1547841600 1 1 1 1
1547834400 1 1 1 1
1547827200 1 1 1 1
1547820000 1 1 1 1
1547812800 1 1 1 1
1547805600 1 1 1 1
1547798400 1 1 1 1
1547791200 1 1 1 1
1547784000 1 1 1 1
1547776800 1 1 1 1
1547769600 1 1 1 1
1547762400 1 1 1 1
1547755200 1 1 1 1
1547748000 1 1 1 1
1547740800 1 1 1 1
1547733600 1 1 1 1
1547726400 1 1 1 1
1547719200 1 1 1 1
1547712000 1 1 1 1
1547704800 1 1 1 1
1547697600 1 1 1 1
1547690400 1 1 1 1
1547683200 1 1 1 1
1547676000 1 1 1 1
1547668800 1 1 1 1
1547661600 1 1 1 1
1547654400 1 1 1 1
1547647200 1 1 1 1
1547640000 1 1 1 1
1547632800 1 1 1 1
1547625600 1 1 1 1
1547618400 1 1 1 1
1547611200 1 1 1 1
1547604000 1 1 1 1
1547596800 1 1 1 1
1547589600 1 1 1 1
1547582400 1 1 1 1
1547575200 1 1 1 1
1547568000 1 1 1 1
1547560800 1 1 1 1
1547553600 1 1 1 1
1547546400 1 1 1 1
1547539200 1 1 1 1
1547532000 1 1 1 1
1547524800 1 1 1 1
1547517600 1 1 1 1
1547510400 1 1 1 1
1547503200 1 1 1 1
1547496000 1 1 1 1
1547488800 1 1 1 1
1547481600 1 1 1 1
1547474400 1 1 1 1
1547467200 1 1 1 1
1547460000 1 1 1 1
1547452800 1 1 1 1
1547445600 1 1 1 1
1547438400 1 1 1 1
1547431200 1 1 1 1
1547424000 1 1 1 1
1547416800 1 1 1 1
1547409600 1 1 1 1
1547402400 1 1 1 1
1547395200 1 1 1 1
1547388000 1 1 1 1
1547380800 1 1 1 1
1547373600 1 1 1 1
1547366400 1 1 1 1
1547359200 1 1 1 1
1547352000 1 1 1 1
1547344800 1 1 1 1
1547337600 1 1 1 1
1547330400 1 1 1 1
1547323200 1 1 1 1
1547316000 1 1 1 1
1547308800 1 1 1 1
1547301600 1 1 1 1
1547294400 1 1 1 1
1547287200 1 1 1 1
1547280000 1 1 1 1
1547272800 1 1 1 1
1547265600 1 1 1 1
1547258400 1 1 1 1
1547251200 1 1 1 1
1547244000 1 1 1 1
1547236800 1 1 1 1
1547229600 1 1 1 1
1547222400 1 1 1 1
1547215200 1 1 1 1
1547208000 1 1 1 1
1547200800 1 1 1 1
1547193600 1 1 1 1
1547186400 1 1 1 1
1547179200 1 1 1 1
1547172000 1 1 1 1
1547164800 1 1 1 1
1547157600 1 1 1 1
1547150400 1 1 1 1
1547143200 1 1 1 1
1547136000 1 1 1 1
1547128800 1 1 1 1
1547121600 1 1 1 1
1547114400 1 1 1 1
1547107200 1 1 1 1
1547100000 1 1 1 1
1547092800 1 1 1 1
1547085600 1 1 1 1
1547078400 1 1 1 1
1547071200 1 1 1 1
1547064000 1 1 1 1
1547056800 1 1 1 1
1547049600 1 1 1 1
1547042400 1 1 1 1
1547035200 1 1 1 1
1547028000 1 1 1 1
1547020800 1 1 1 1
1547013600 1 1 1 1
1547006400 1 1 1 1
1546999200 1 1 1 1
1546992000 1 1 1 1
1546984800 1 1 1 1
1546977600 1 1 1 1
1546970400 1 1 1 1
1546963200 1 1 1 1
1546956000 1 1 1 1
1546948800 1 1 1 1
1546941600 1 1 1 1
1546934400 1 1 1 1
1546927200 1 1 1 1
1546920000 1 1 1 1
1546912800 1 1 1 1
1546905600 1 1 1 1
1546898400 1 1 1 1
1546891200 1 1 1 1
1546884000 1 1 1 1
1546876800 1 1 1 1
1546869600 1 1 1 1
1546862400 1 1 1 1
1546855200 1 1 1 1
1546848000 1 1 1 1
1546840800 1 1 1 1
1546833600 1 1 1 1
1546826400 1 1 1 1
1546819200 1 1 1 1
1546812000 1 1 1 1
1546804800 1 1 1 1
1546797600 1 1 1 1
1546790400 1 1 1 1
1546783200 1 1 1 1
1546776000 1 1 1 1
1546768800 1 1 1 1
1546761600 1 1 1 1
1546754400 1 1 1 1
1546747200 1 1 1 1
1546740000 1 1 1 1
1546732800 1 1 1 1
1546725600 1 1 1 1
1546718400 1 1 1 1
1546711200 1 1 1 1
1546704000 1 1 1 1
1546696800 1 1 1 1
1546689600 1 1 1 1
1546682400 1 1 1 1
1546675200 1 1 1 1
1546668000 1 1 1 1
1546660800 1 1 1 1
1546653600 1 1 1 1
1546646400 1 1 1 1
1546639200 1 1 1 1
1546632000 1 1 1 1
1546624800 1 1 1 1
1546617600 1 1 1 1
1546610400 1 1 1 1
1546603200 1 1 1 1
1546596000 1 1 1 1
1546588800 1 1 1 1
1546581600 1 1 1 1
1546574400 1 1 1 1
1546567200 1 1 1 1
1546560000 1 1 1 1
1546552800 1 1 1 1
1546545600 1 1 1 1
1546538400 1 1 1 1
1546531200 1 1 1 1
1546524000 1 1 1 1
1546516800 1 1 1 1
1546509600 1 1 1 1
1546502400 1 1 1 1
1546495200 1 1 1 1
1546488000 1 1 1 1
1546480800 1 1 1 1
1546473600 1 1 1 1
1546466400 1 1 1 1
1546459200 1 1 1 1
1546452000 1 1 1 1
1546444800 1 1 1 1
1546437600 1 1 1 1
1546430400 1 1 1 1
1546423200 1 1 1 1
1546416000 1 1 1 1
1546408800 1 1 1 1
1546401600 1 1 1 1
1546394400 1 1 1 1
1546387200 1 1 1 1
1546380000 1 1 1 1
1546372800 1 1 1 1
1546365600 1 1 1 1
1546358400 1 1 1 1
1546351200 1 1 1 1
1546344000 1 1 1 1
1546336800 1 1 1 1
1546329600 1 1 1 1
1546322400 1 1 1 1
1546315200 1 1 1 1
1546308000 1 1 1 1
1546300800 1 1 1 1
1546293600 1 1 1 1
1546286400 1 1 1 1
1546279200 1 1 1 1
1546272000 1 1 1 1
1546264800 1 1 1 1
1546257600 1 1 1 1
1546250400 1 1 1 1
1546243200 1 1 1 1
1546236000 1 1 1 1
1546228800 1 1 1 1
1546221600 1 1 1 1
1546214400 1 1 1 1
1546207200 1 1 1 1
1546200000 1 1 1 1
1546192800 1 1 1 1
1546185600 1 1 1 1
1546178400 1 1 1 1
1546171200 1 1 1 1
1546164000 1 1 1 1
1546156800 1 1 1 1
1546149600 1 1 1 1
1546142400 1 1 1 1
1546135200 1 1 1 1
1546128000 1 1 1 1
1546120800 1 1 1 1
1546113600 1 1 1 1
1546106400 1 1 1 1
1546099200 1 1 1 1
1546092000 1 1 1 1
1546084800 1 1 1 1
1546077600 1 1 1 1
1546070400 1 1 1 1
1546063200 1 1 1 1
1546056000 1 1 1 1
1546048800 1 1 1 1
1546041600 1 1 1 1
1546034400 1 1 1 1
1546027200 1 1 1 1
1546020000 1 1 1 1
1546012800 1 1 1 1
1546005600 1 1 1 1
1545998400 1 1 1 1
1545991200 1 1 1 1
1545984000 1 1 1 1
1545976800 1 1 1 1
1545969600 1 1 1 1
1545962400 1 1 1 1
1545955200 1 1 1 1
1545948000 1 1 1 1
1545940800 1 1 1 1
1545933600 1 1 1 1
1545926400 1 1 1 1
1545919200 1 1 1 1
1545912000 1 1 1 1
1545904800 1 1 1 1
1545897600 1 1 1 1
1545890400 1 1 1 1
1545883200 1 1 1 1
1545876000 1 1 1 1
1545868800 1 1 1 1
1545861600 1 1 1 1
1545854400 1 1 1 1
1545847200 1 1 1 1
1545840000 1 1 1 1
1545832800 1 1 1 1
1545825600 1 1 1 1
1545818400 1 1 1 1
1545811200 1 1 1 1
1545804000 1 1 1 1
1545796800 1 1 1 1
1545789600 1 1 1 1
1545782400 1 1 1 1
1545775200 1 1 1 1
1545768000 1 1 1 1
1545760800 1 1 1 1
1545753600 1 1 1 1
1545746400 1 1 1 1
1545739200 1 1 1 1
1545732000 1 1 1 1
1545724800 1 1 1 1
1545717600 1 1 1 1
1545710400 1 1 1 1
1545703200 1 1 1 1
1545696000 1 1 1 1
1545688800 1 1 1 1
1545681600 1 1 1 1
1545674400 1 1 1 1
1545667200 1 1 1 1
1545660000 1 1 1 1
1545652800 1 1 1 1
1545645600 1 1 1 1
1545638400 1 1 1 1
1545631200 1 1 1 1
1545624000 1 1 1 1
1545616800 1 1 1 1
1545609600 1 1 1 1
1545602400 1 1 1 1
1545595200 1 1 1 1
1545588000 1 1 1 1
1545580800 1 1 1 1
1545573600 1 1 1 1
1545566400 1 1 1 1
1545559200 1 1 1 1
1545552000 1 1 1 1
1545544800 1 1 1 1
1545537600 1 1 1 1
1545530400 1 1 1 1
1545523200 1 1 1 1
1545516000 1 1 1 1
1545508800 1 1 1 1
1545501600 1 1 1 1
1545494400 1 1 1 1
1545487200 1 1 1 1
1545480000 1 1 1 1
1545472800 1 1 1 1
1545465600 1 1 1 1
1545458400 1 1 1 1
1545451200 1 1 1 1
1545444000 1 1 1 1
1545436800 1 1 1 1
1545429600 1 1 1 1
1545422400 1 1 1 1
1545415200 1 1 1 1
1545408000 1 1 1 1
1545400800 1 1 1 1
1545393600 1 1 1 1
1545386400 1 1 1 1
1545379200 1 1 1 1
1545372000 1 1 1 1
1545364800 1 1 1 1
1545357600 1 1 1 1
1545350400 1 1 1 1
1545343200 1 1 1 1
1545336000 1 1 1 1
1545328800 1 1 1 1
1545321600 1 1 1 1
1545314400 1 1 1 1
1545307200 1 1 1 1
1545300000 1 1 1 1
1545292800 1 1 1 1
1545285600 1 1 1 1
1545278400 1 1 1 1
1545271200 1 1 1 1
1545264000 1 1 1 1
1545256800 1 1 1 1
1545249600 1 1 1 1
1545242400 1 1 1 1
1545235200 1 1 1 1
1545228000 1 1 1 1
1545220800 1 1 1 1
1545213600 1 1 1 1
1545206400 1 1 1 1
1545199200 1 1 1 1
1545192000 1 1 1 1
1545184800 1 1 1 1
1545177600 1 1 1 1
1545170400 1 1 1 1
1545091200 1 1 1 1
1545004800 1 1 1 1
1544918400 1 1 1 1
1544832000 1 1 1 1
1544745600 1 1 1 1
1544659200 1 1 1 1
1544572800 1 1 1 1
1544486400 1 1 1 1
1544400000 1 1 1 1
1544313600 1 1 1 1
1544227200 1 1 1 1
1544140800 1 1 1 1
1544054400 1 1 1 1
1543968000 1 1 1 1
1543881600 1 1 1 1
1543795200 1 1 1 1
1543708800 1 1 1 1
1543622400 1 1 1 1
1543536000 1 1 1 1
1543449600 1 1 1 1
1543363200 1 1 1 1
1543276800 1 1 1 1
1543190400 1 1 1 1
1543104000 1 1 1 1
1543017600 1 1 1 1
1542931200 1 1 1 1
1542844800 1 1 1 1
1542758400 1 1 1 1
1542672000 1 1 1 1
1542585600 1 1 1 1
1542499200 1 1 1 1
1542412800 1 1 1 1
1542326400 1 1 1 1
1542240000 1 1 1 1
1542153600 1 1 1 1
1542067200 1 1 1 1
1541980800 1 1 1 1
1541894400 1 1 1 1
1541808000 1 1 1 1
1541721600 1 1 1 1
1541635200 1 1 1 1
1541548800 1 1 1 1
1541462400 1 1 1 1
1541376000 1 1 1 1
1541289600 1 1 1 1
1541203200 1 1 1 1
1541116800 1 1 1 1
1541030400 1 1 1 1
1540944000 1 1 1 1
1540857600 1 1 1 1
1540771200 1 1 1 1
1540684800 1 1 1 1
1540598400 1 1 1 1
1540512000 1 1 1 1
1540425600 1 1 1 1
1540339200 1 1 1 1
1540252800 1 1 1 1
1540166400 1 1 1 1
1540080000 1 1 1 1
1539993600 1 1 1 1
1539907200 1 1 1 1
1539820800 1 1 1 1
1539734400 1 1 1 1
1539648000 1 1 1 1
1539561600 1 1 1 1
1539475200 1 1 1 1
1539388800 1 1 1 1
1539302400 1 1 1 1
1539216000 1 1 1 1
1539129600 1 1 1 1
1539043200 1 1 1 1
1538956800 1 1 1 1
1538870400 1 1 1 1
1538784000 1 1 1 1
1538697600 1 1 1 1
1538611200 1 1 1 1
1538524800 1 1 1 1
1538438400 1 1 1 1
1538352000 1 1 1 1
1538265600 1 1 1 1
1538179200 1 1 1 1
1538092800 1 1 1 1
1538006400 1 1 1 1
1537920000 1 1 1 1
1537833600 1 1 1 1
1537747200 1 1 1 1
1537660800 1 1 1 1
1537574400 1 1 1 1
1537488000 1 1 1 1
1537401600 1 1 1 1
1537315200 1 1 1 1
1537228800 1 1 1 1
1537142400 1 1 1 1
1537056000 1 1 1 1
1536969600 1 1 1 1
1536883200 1 1 1 1
1536796800 1 1 1 1
1536710400 1 1 1 1
1536624000 1 1 1 1
1536537600 1 1 1 1
1536451200 1 1 1 1
1536364800 1 1 1 1
1536278400 1 1 1 1
1536192000 1 1 1 1
1536105600 1 1 1 1
1536019200 1 1 1 1
1535932800 1 1 1 1
1535846400 1 1 1 1
1535760000 1 1 1 1
1535673600 1 1 1 1
1535587200 1 1 1 1
1535500800 1 1 1 1
1535414400 1 1 1 1
1535328000 1 1 1 1
1535241600 1 1 1 1
1535155200 1 1 1 1
1535068800 1 1 1 1
1534982400 1 1 1 1
1534896000 1 1 1 1
1534809600 1 1 1 1
1534723200 1 1 1 1
1534636800 1 1 1 1
1534550400 1 1 1 1
1534464000 1 1 1 1
1534377600 1 1 1 1
1534291200 1 1 1 1
1534204800 1 1 1 1
1534118400 1 1 1 1
1534032000 1 1 1 1
1533945600 1 1 1 1
1533859200 1 1 1 1
1533772800 1 1 1 1
1533686400 1 1 1 1
1533600000 1 1 1 1
1533513600 1 1 1 1
1533427200 1 1 1 1
1533340800 1 1 1 1
1533254400 1 1 1 1
1533168000 1 1 1 1
1533081600 1 1 1 1
1532995200 1 1 1 1
1532908800 1 1 1 1
1532822400 1 1 1 1
1532736000 1 1 1 1
1532649600 1 1 1 1
1532563200 1 1 1 1
1532476800 1 1 1 1
1532390400 1 1 1 1
1532304000 1 1 1 1
1532217600 1 1 1 1
1532131200 1 1 1 1
1532044800 1 1 1 1
1531958400 1 1 1 1
1531872000 1 1 1 1
1531785600 1 1 1 1
1531699200 1 1 1 1
1531612800 1 1 1 1
1531526400 1 1 1 1
1531440000 1 1 1 1
1531353600 1 1 1 1
1531267200 1 1 1 1
1531180800 1 1 1 1
1531094400 1 1 1 1
1531008000 1 1 1 1
1530921600 1 1 1 1
1530835200 1 1 1 1
1530748800 1 1 1 1
1530662400 1 1 1 1
1530576000 1 1 1 1
1530489600 1 1 1 1
1530403200 1 1 1 1
1530316800 1 1 1 1
1530230400 1 1 1 1
1530144000 1 1 1 1
1530057600 1 1 1 1
1529971200 1 1 1 1
1529884800 1 1 1 1
1529798400 1 1 1 1
1529712000 1 1 1 1
1529625600 1 1 1 1
1529539200 1 1 1 1
1529452800 1 1 1 1
1529366400 1 1 1 1
1529280000 1 1 1 1
1529193600 1 1 1 1
1529107200 1 1 1 1
1529020800 1 1 1 1
1528934400 1 1 1 1
1528848000 1 1 1 1
1528761600 1 1 1 1
1528675200 1 1 1 1
1528588800 1 1 1 1
1528502400 1 1 1 1
1528416000 1 1 1 1
1528329600 1 1 1 1
1528243200 1 1 1 1
1528156800 1 1 1 1
1528070400 1 1 1 1
1527984000 1 1 1 1
1527897600 1 1 1 1
1527811200 1 1 1 1
1527724800 1 1 1 1
1527638400 1 1 1 1
1527552000 1 1 1 1
1527465600 1 1 1 1
1527379200 1 1 1 1
1527292800 1 1 1 1
1527206400 1 1 1 1
1527120000 1 1 1 1
1527033600 1 1 1 1
1526947200 1 1 1 1
1526860800 1 1 1 1
1526774400 1 1 1 1
1526688000 1 1 1 1
1526601600 1 1 1 1
1526515200 1 1 1 1
1526428800 1 1 1 1
1526342400 1 1 1 1
1526256000 1 1 1 1
1526169600 1 1 1 1
1526083200 1 1 1 1
1525996800 1 1 1 1
1525910400 1 1 1 1
1525824000 1 1 1 1
1525737600 1 1 1 1
1525651200 1 1 1 1
1525564800 1 1 1 1
1525478400 1 1 1 1
1525392000 1 1 1 1
1525305600 1 1 1 1
1525219200 1 1 1 1
1525132800 1 1 1 1
1525046400 1 1 1 1
1524960000 1 1 1 1
1524873600 1 1 1 1
1524787200 1 1 1 1
1524700800 1 1 1 1
1524614400 1 1 1 1
1524528000 1 1 1 1
1524441600 1 1 1 1
1524355200 1 1 1 1
1524268800 1 1 1 1
1524182400 1 1 1 1
1524096000 1 1 1 1
1524009600 1 1 1 1
1523923200 1 1 1 1
1523836800 1 1 1 1
1523750400 1 1 1 1
1523664000 1 1 1 1
1523577600 1 1 1 1
1523491200 1 1 1 1
1523404800 1 1 1 1
1523318400 1 1 1 1
1523232000 1 1 1 1
1523145600 1 1 1 1
1523059200 1 1 1 1
1522972800 1 1 1 1
1522886400 1 1 1 1
1522800000 1 1 1 1
1522713600 1 1 1 1
1522627200 1 1 1 1
1522540800 1 1 1 1
1522454400 1 1 1 1
1522368000 1 1 1 1
1522281600 1 1 1 1
1522195200 1 1 1 1
1522108800 1 1 1 1
1522022400 1 1 1 1
1521936000 1 1 1 1
1521849600 1 1 1 1
1521763200 1 1 1 1
1521676800 1 1 1 1
1521590400 1 1 1 1
1521504000 1 1 1 1
1521417600 1 1 1 1
1521331200 1 1 1 1
1521244800 1 1 1 1
1521158400 1 1 1 1
1521072000 1 1 1 1
1520985600 1 1 1 1
1520899200 1 1 1 1
1520812800 1 1 1 1
1520726400 1 1 1 1
1520640000 1 1 1 1
1520553600 1 1 1 1
1520467200 1 1 1 1
1520380800 1 1 1 1
1520294400 1 1 1 1
1520208000 1 1 1 1
1520121600 1 1 1 1
1520035200 1 1 1 1
1519948800 1 1 1 1
1519862400 1 1 1 1
1519776000 1 1 1 1
1519689600 1 1 1 1
1519603200 1 1 1 1
1519516800 1 1 1 1
1519430400 1 1 1 1
1519344000 1 1 1 1
1519257600 1 1 1 1
1519171200 1 1 1 1
1519084800 1 1 1 1
1518998400 1 1 1 1
1518912000 1 1 1 1
1518825600 1 1 1 1
1518739200 1 1 1 1
1518652800 1 1 1 1
1518566400 1 1 1 1
1518480000 1 1 1 1
1518393600 1 1 1 1
1518307200 1 1 1 1
1518220800 1 1 1 1
1518134400 1 1 1 1
1518048000 1 1 1 1
1517961600 1 1 1 1
1517875200 1 1 1 1
1517788800 1 1 1 1
1517702400 1 1 1 1
1517616000 1 1 1 1
1517529600 1 1 1 1
1517443200 1 1 1 1
1517356800 1 1 1 1
1517270400 1 1 1 1
1517184000 1 1 1 1
1517097600 1 1 1 1
1517011200 1 1 1 1
1516924800 1 1 1 1
1516838400 1 1 1 1
1516752000 1 1 1 1
1516665600 1 1 1 1
1516579200 1 1 1 1
1516492800 1 1 1 1
1516406400 1 1 1 1
1516320000 1 1 1 1
1516233600 1 1 1 1
1516147200 1 1 1 1
1516060800 1 1 1 1
1515974400 1 1 1 1
1515888000 1 1 1 1
1515801600 1 1 1 1
1515715200 1 1 1 1
1515628800 1 1 1 1
1515542400 1 1 1 1
1515456000 1 1 1 1
1515369600 1 1 1 1
1515283200 1 1 1 1
1515196800 1 1 1 1
1515110400 1 1 1 1
1515024000 1 1 1 1
1514937600 1 1 1 1
1514851200 1 1 1 1
1514764800 1 1 1 1
1514678400 1 1 1 1
1514592000 1 1 1 1
1514505600 1 1 1 1
1514419200 1 1 1 1
1514332800 1 1 1 1
1514246400 1 1 1 1
1514160000 1 1 1 1
1514073600 1 1 1 1
1513987200 1 1 1 1
1513900800 1 1 1 1
1513814400 1 1 1 1
1513728000 1 1 1 1
1513641600 1 1 1 1
1513555200 1 1 1 1
1513468800 1 1 1 1
1513382400 1 1 1 1
1513296000 1 1 1 1
1513209600 1 1 1 1
1513123200 1 1 1 1
1513036800 1 1 1 1
1512950400 1 1 1 1
1512864000 1 1 1 1
1512777600 1 1 1 1
1512691200 1 1 1 1
1512604800 1 1 1 1
1512518400 1 1 1 1
1512432000 1 1 1 1
1512345600 1 1 1 1
1512259200 1 1 1 1
1512172800 1 1 1 1
1512086400 1 1 1 1
1512000000 1 1 1 1
1511913600 1 1 1 1
1511827200 1 1 1 1
1511740800 1 1 1 1
1511654400 1 1 1 1
1511568000 1 1 1 1
1511481600 1 1 1 1
1511395200 1 1 1 1
1511308800 1 1 1 1
1511222400 1 1 1 1
1511136000 1 1 1 1
1511049600 1 1 1 1
1510963200 1 1 1 1
1510876800 1 1 1 1
1510790400 1 1 1 1
1510704000 1 1 1 1
1510617600 1 1 1 1
1510531200 1 1 1 1
1510444800 1 1 1 1
1510358400 1 1 1 1
1510272000 1 1 1 1
1510185600 1 1 1 1
1510099200 1 1 1 1
1510012800 1 1 1 1
1509926400 1 1 1 1
1509840000 1 1 1 1
1509753600 1 1 1 1
1509667200 1 1 1 1
1509580800 1 1 1 1
1509494400 1 1 1 1
1509408000 1 1 1 1
1509321600 1 1 1 1
1509235200 1 1 1 1
1509148800 1 1 1 1
1509062400 1 1 1 1
1508976000 1 1 1 1
1508889600 1 1 1 1
1508803200 1 1 1 1
1508716800 1 1 1 1
1508630400 1 1 1 1
1508544000 1 1 1 1
1508457600 1 1 1 1
1508371200 1 1 1 1
1508284800 1 1 1 1
1508198400 1 1 1 1
1508112000 1 1 1 1
1508025600 1 1 1 1
1507939200 1 1 1 1
1507852800 1 1 1 1
1507766400 1 1 1 1
1507680000 1 1 1 1
1507593600 1 1 1 1
1507507200 1 1 1 1
1507420800 1 1 1 1
1507334400 1 1 1 1
1507248000 1 1 1 1
1507161600 1 1 1 1
1507075200 1 1 1 1
1506988800 1 1 1 1
1506902400 1 1 1 1
1506816000 1 1 1 1
1506729600 1 1 1 1
1506643200 1 1 1 1
1506556800 1 1 1 1
1506470400 1 1 1 1
1506384000 1 1 1 1
1506297600 1 1 1 1
1506211200 1 1 1 1
1506124800 1 1 1 1
1506038400 1 1 1 1
1505952000 1 1 1 1
1505865600 1 1 1 1
1505779200 1 1 1 1
1505692800 1 1 1 1
1505606400 1 1 1 1
1505520000 1 1 1 1
1505433600 1 1 1 1
1505347200 1 1 1 1
1505260800 1 1 1 1
1505174400 1 1 1 1
1505088000 1 1 1 1
1505001600 1 1 1 1
1504915200 1 1 1 1
1504828800 1 1 1 1
1504742400 1 1 1 1
1504656000 1 1 1 1
1504569600 1 1 1 1
1504483200 1 1 1 1
1504396800 1 1 1 1
1504310400 1 1 1 1
1504224000 1 1 1 1
1504137600 1 1 1 1
1504051200 1 1 1 1
1503964800 1 1 1 1
1503878400 1 1 1 1
1503792000 1 1 1 1
1503705600 1 1 1 1
1503619200 1 1 1 1
1503532800 1 1 1 1
1503446400 1 1 1 1
1503360000 1 1 1 1
1503273600 1 1 1 1
1503187200 1 1 1 1
1503100800 1 1 1 1
1503014400 1 1 1 1
1502928000 1 1 1 1
1502841600 1 1 1 1
1502755200 1 1 1 1
1502668800 1 1 1 1
1502582400 1 1 1 1
1502496000 1 1 1 1
1502409600 1 1 1 1
1502323200 1 1 1 1
1502236800 1 1 1 1
1502150400 1 1 1 1
1502064000 1 1 1 1
1501977600 1 1 1 1
1501891200 1 1 1 1
1501804800 1 1 1 1
1501718400 1 1 1 1
1501632000 1 1 1 1
1501545600 1 1 1 1
1501459200 1 1 1 1
1501372800 1 1 1 1
1501286400 1 1 1 1
1501200000 1 1 1 1
1501113600 1 1 1 1
1501027200 1 1 1 1
1500940800 1 1 1 1
1500854400 1 1 1 1
1500768000 1 1 1 1
1500681600 1 1 1 1
1500595200 1 1 1 1
1500508800 1 1 1 1
1500422400 1 1 1 1
1500336000 1 1 1 1
1500249600 1 1 1 1
1500163200 1 1 1 1
1500076800 1 1 1 1
1499990400 1 1 1 1
1499904000 1 1 1 1
1499817600 1 1 1 1
1499731200 1 1 1 1
1499644800 1 1 1 1
1499558400 1 1 1 1
1499472000 1 1 1 1
1499385600 1 1 1 1
1499299200 1 1 1 1
1499212800 1 1 1 1
1499126400 1 1 1 1
1499040000 1 1 1 1
1498953600 1 1 1 1
1498867200 1 1 1 1
1498780800 1 1 1 1
1498694400 1 1 1 1
1498608000 1 1 1 1
1498521600 1 1 1 1
1498435200 1 1 1 1
1498348800 1 1 1 1
1498262400 1 1 1 1
1498176000 1 1 1 1
1498089600 1 1 1 1
1498003200 1 1 1 1
1497916800 1 1 1 1
1497830400 1 1 1 1
1497744000 1 1 1 1
1497657600 1 1 1 1
1497571200 1 1 1 1
1497484800 1 1 1 1
1497398400 1 1 1 1
1497312000 1 1 1 1
1497225600 1 1 1 1
1497139200 1 1 1 1
1497052800 1 1 1 1
1496966400 1 1 1 1
1496880000 1 1 1 1
1496793600 1 1 1 1
1496707200 1 1 1 1
1496620800 1 1 1 1
1496534400 1 1 1 1
1496448000 1 1 1 1
1496361600 1 1 1 1
1496275200 1 1 1 1
1496188800 1 1 1 1
1496102400 1 1 1 1
1496016000 1 1 1 1
1495929600 1 1 1 1
1495843200 1 1 1 1
1495756800 1 1 1 1
1495670400 1 1 1 1
1495584000 1 1 1 1
1495497600 1 1 1 1
1495411200 1 1 1 1
1495324800 1 1 1 1
1495238400 1 1 1 1
1495152000 1 1 1 1
1495065600 1 1 1 1
1494979200 1 1 1 1
1494892800 1 1 1 1
1494806400 1 1 1 1
1494720000 1 1 1 1
1494633600 1 1 1 1
1494547200 1 1 1 1
1494460800 1 1 1 1
1494374400 1 1 1 1
1494288000 1 1 1 1
1494201600 1 1 1 1
1494115200 1 1 1 1
1494028800 1 1 1 1
1493942400 1 1 1 1
1493856000 1 1 1 1
1493769600 1 1 1 1
1493683200 1 1 1 1
1493596800 1 1 1 1
1493510400 1 1 1 1
1493424000 1 1 1 1
1493337600 1 1 1 1
1493251200 1 1 1 1
1493164800 1 1 1 1
1493078400 1 1 1 1
1492992000 1 1 1 1
1492905600 1 1 1 1
1492819200 1 1 1 1
1492732800 1 1 1 1
1492646400 1 1 1 1
1492560000 1 1 1 1
1492473600 1 1 1 1
1492387200 1 1 1 1
1492300800 1 1 1 1
1492214400 1 1 1 1
1492128000 1 1 1 1
1492041600 1 1 1 1
1491955200 1 1 1 1
1491868800 1 1 1 1
1491782400 1 1 1 1
1491696000 1 1 1 1
1491609600 1 1 1 1
1491523200 1 1 1 1
1491436800 1 1 1 1
1491350400 1 1 1 1
1491264000 1 1 1 1
1491177600 1 1 1 1
1491091200 1 1 1 1
1491004800 1 1 1 1
1490918400 1 1 1 1
1490832000 1 1 1 1
1490745600 1 1 1 1
1490659200 1 1 1 1
1490572800 1 1 1 1
1490486400 1 1 1 1
1490400000 1 1 1 1
1490313600 1 1 1 1
1490227200 1 1 1 1
1490140800 1 1 1 1
1490054400 1 1 1 1
1489968000 1 1 1 1
1489881600 1 1 1 1
1489795200 1 1 1 1
1489708800 1 1 1 1
1489622400 1 1 1 1
1489536000 1 1 1 1
1489449600 1 1 1 1
1489363200 1 1 1 1
1489276800 1 1 1 1
1489190400 1 1 1 1
1489104000 1 1 1 1
1489017600 1 1 1 1
1488931200 1 1 1 1
1488844800 1 1 1 1
1488758400 1 1 1 1
1488672000 1 1 1 1
1488585600 1 1 1 1
1488499200 1 1 1 1
1488412800 1 1 1 1
1488326400 1 1 1 1
1488240000 1 1 1 1
1488153600 1 1 1 1
1488067200 1 1 1 1
1487980800 1 1 1 1
1487894400 1 1 1 1
1487808000 1 1 1 1
1487721600 1 1 1 1
1487635200 1 1 1 1
1487548800 1 1 1 1
1487462400 1 1 1 1
1487376000 1 1 1 1
1487289600 1 1 1 1
1487203200 1 1 1 1
1487116800 1 1 1 1
1487030400 1 1 1 1
1486944000 1 1 1 1
1486857600 1 1 1 1
1486771200 1 1 1 1
1486684800 1 1 1 1
1486598400 1 1 1 1
1486512000 1 1 1 1
1486425600 1 1 1 1
1486339200 1 1 1 1
1486252800 1 1 1 1
1486166400 1 1 1 1
1486080000 1 1 1 1
1485993600 1 1 1 1
1485907200 1 1 1 1
1485820800 1 1 1 1
1485734400 1 1 1 1
1485648000 1 1 1 1
1485561600 1 1 1 1
1485475200 1 1 1 1
1485388800 1 1 1 1
1485302400 1 1 1 1
1485216000 1 1 1 1
1485129600 1 1 1 1
1485043200 1 1 1 1
1484956800 1 1 1 1
1484870400 1 1 1 1
1484784000 1 1 1 1
1484697600 1 1 1 1
1484611200 1 1 1 1
1484524800 1 1 1 1
1484438400 1 1 1 1
1484352000 1 1 1 1
1484265600 1 1 1 1
1484179200 1 1 1 1
1484092800 1 1 1 1
1484006400 1 1 1 1
1483920000 1 1 1 1
1483833600 1 1 1 1
1483747200 1 1 1 1
1483660800 1 1 1 1
1483574400 1 1 1 1
1483488000 1 1 1 1
1483401600 1 1 1 1
1483315200 1 1 1 1
1483228800 1 1 1 1
1483142400 1 1 1 1
1483056000 1 1 1 1
1482969600 1 1 1 1
1482883200 1 1 1 1
1482796800 1 1 1 1
1482710400 1 1 1 1
1482624000 1 1 1 1
1482537600 1 1 1 1
1482451200 1 1 1 1
1482364800 1 1 1 1
1482278400 1 1 1 1
1482192000 1 1 1 1
1482105600 1 1 1 1
1482019200 1 1 1 1
1481932800 1 1 1 1
